2018-08-19 21:10:53.727 [main] INFO  com.rabbit.smart.Application -Starting Application on DESKTOP-AMG8J44 with PID 53772 (E:\github\smart\smart-api\api\target\classes started by zhangxu in E:\github\smart\smart-api)
2018-08-19 21:10:53.727 [main] INFO  com.rabbit.smart.Application -No active profile set, falling back to default profiles: default
2018-08-19 21:10:53.774 [main] INFO  o.s.b.w.s.c.AnnotationConfigServletWebServerApplicationContext -Refreshing org.springframework.boot.web.servlet.context.AnnotationConfigServletWebServerApplicationContext@1700915: startup date [Sun Aug 19 21:10:53 CST 2018]; root of context hierarchy
2018-08-19 21:10:54.540 [main] INFO  o.s.d.r.config.RepositoryConfigurationDelegate -Multiple Spring Data modules found, entering strict repository configuration mode!
2018-08-19 21:10:54.930 [main] INFO  o.s.c.s.PostProcessorRegistrationDelegate$BeanPostProcessorChecker -Bean 'org.springframework.transaction.annotation.ProxyTransactionManagementConfiguration' of type [org.springframework.transaction.annotation.ProxyTransactionManagementConfiguration$$EnhancerBySpringCGLIB$$81bd4cd] is not eligible for getting processed by all BeanPostProcessors (for example: not eligible for auto-proxying)
2018-08-19 21:10:55.040 [main] INFO  o.s.c.s.PostProcessorRegistrationDelegate$BeanPostProcessorChecker -Bean 'org.springframework.boot.context.properties.ConversionServiceDeducer$Factory' of type [org.springframework.boot.context.properties.ConversionServiceDeducer$Factory] is not eligible for getting processed by all BeanPostProcessors (for example: not eligible for auto-proxying)
2018-08-19 21:10:55.055 [main] INFO  o.s.c.s.PostProcessorRegistrationDelegate$BeanPostProcessorChecker -Bean 'spring.redis-org.springframework.boot.autoconfigure.data.redis.RedisProperties' of type [org.springframework.boot.autoconfigure.data.redis.RedisProperties] is not eligible for getting processed by all BeanPostProcessors (for example: not eligible for auto-proxying)
2018-08-19 21:10:55.071 [main] INFO  o.s.c.s.PostProcessorRegistrationDelegate$BeanPostProcessorChecker -Bean 'org.springframework.boot.autoconfigure.data.redis.LettuceConnectionConfiguration' of type [org.springframework.boot.autoconfigure.data.redis.LettuceConnectionConfiguration$$EnhancerBySpringCGLIB$$1d359317] is not eligible for getting processed by all BeanPostProcessors (for example: not eligible for auto-proxying)
2018-08-19 21:10:55.133 [main] INFO  o.s.c.s.PostProcessorRegistrationDelegate$BeanPostProcessorChecker -Bean 'lettuceClientResources' of type [io.lettuce.core.resource.DefaultClientResources] is not eligible for getting processed by all BeanPostProcessors (for example: not eligible for auto-proxying)
2018-08-19 21:10:55.196 [main] INFO  o.s.c.s.PostProcessorRegistrationDelegate$BeanPostProcessorChecker -Bean 'redisConnectionFactory' of type [org.springframework.data.redis.connection.lettuce.LettuceConnectionFactory] is not eligible for getting processed by all BeanPostProcessors (for example: not eligible for auto-proxying)
2018-08-19 21:10:55.212 [main] INFO  o.s.c.s.PostProcessorRegistrationDelegate$BeanPostProcessorChecker -Bean 'redisCacheConfig' of type [com.rabbit.smart.config.RedisCacheConfig$$EnhancerBySpringCGLIB$$1241a6db] is not eligible for getting processed by all BeanPostProcessors (for example: not eligible for auto-proxying)
2018-08-19 21:10:55.212 [main] INFO  o.s.c.s.PostProcessorRegistrationDelegate$BeanPostProcessorChecker -Bean 'org.springframework.cache.annotation.ProxyCachingConfiguration' of type [org.springframework.cache.annotation.ProxyCachingConfiguration$$EnhancerBySpringCGLIB$$512e0aeb] is not eligible for getting processed by all BeanPostProcessors (for example: not eligible for auto-proxying)
2018-08-19 21:10:55.258 [main] INFO  o.s.c.s.PostProcessorRegistrationDelegate$BeanPostProcessorChecker -Bean 'mybatis-org.mybatis.spring.boot.autoconfigure.MybatisProperties' of type [org.mybatis.spring.boot.autoconfigure.MybatisProperties] is not eligible for getting processed by all BeanPostProcessors (for example: not eligible for auto-proxying)
2018-08-19 21:10:55.258 [main] INFO  o.s.c.s.PostProcessorRegistrationDelegate$BeanPostProcessorChecker -Bean 'pagingConfig' of type [com.rabbit.smart.config.PagingConfig$$EnhancerBySpringCGLIB$$5e3e6780] is not eligible for getting processed by all BeanPostProcessors (for example: not eligible for auto-proxying)
2018-08-19 21:10:55.274 [main] INFO  o.s.c.s.PostProcessorRegistrationDelegate$BeanPostProcessorChecker -Bean 'pageHelper' of type [com.github.pagehelper.PageHelper] is not eligible for getting processed by all BeanPostProcessors (for example: not eligible for auto-proxying)
2018-08-19 21:10:55.274 [main] INFO  o.s.c.s.PostProcessorRegistrationDelegate$BeanPostProcessorChecker -Bean 'org.mybatis.spring.boot.autoconfigure.MybatisAutoConfiguration' of type [org.mybatis.spring.boot.autoconfigure.MybatisAutoConfiguration$$EnhancerBySpringCGLIB$$3af025fd] is not eligible for getting processed by all BeanPostProcessors (for example: not eligible for auto-proxying)
2018-08-19 21:10:55.290 [main] INFO  o.s.c.s.PostProcessorRegistrationDelegate$BeanPostProcessorChecker -Bean 'org.springframework.boot.autoconfigure.jdbc.DataSourceConfiguration$Generic' of type [org.springframework.boot.autoconfigure.jdbc.DataSourceConfiguration$Generic] is not eligible for getting processed by all BeanPostProcessors (for example: not eligible for auto-proxying)
2018-08-19 21:10:55.305 [main] INFO  o.s.c.s.PostProcessorRegistrationDelegate$BeanPostProcessorChecker -Bean 'spring.datasource-org.springframework.boot.autoconfigure.jdbc.DataSourceProperties' of type [org.springframework.boot.autoconfigure.jdbc.DataSourceProperties] is not eligible for getting processed by all BeanPostProcessors (for example: not eligible for auto-proxying)
2018-08-19 21:10:55.352 [main] INFO  o.s.c.s.PostProcessorRegistrationDelegate$BeanPostProcessorChecker -Bean 'dataSource' of type [com.alibaba.druid.pool.DruidDataSource] is not eligible for getting processed by all BeanPostProcessors (for example: not eligible for auto-proxying)
2018-08-19 21:10:55.415 [main] INFO  o.s.c.s.PostProcessorRegistrationDelegate$BeanPostProcessorChecker -Bean 'org.springframework.boot.autoconfigure.jdbc.DataSourceInitializerInvoker' of type [org.springframework.boot.autoconfigure.jdbc.DataSourceInitializerInvoker] is not eligible for getting processed by all BeanPostProcessors (for example: not eligible for auto-proxying)
2018-08-19 21:10:55.712 [main] INFO  o.s.c.s.PostProcessorRegistrationDelegate$BeanPostProcessorChecker -Bean 'sqlSessionFactory' of type [org.apache.ibatis.session.defaults.DefaultSqlSessionFactory] is not eligible for getting processed by all BeanPostProcessors (for example: not eligible for auto-proxying)
2018-08-19 21:10:55.712 [main] INFO  o.s.c.s.PostProcessorRegistrationDelegate$BeanPostProcessorChecker -Bean 'sqlSessionTemplate' of type [org.mybatis.spring.SqlSessionTemplate] is not eligible for getting processed by all BeanPostProcessors (for example: not eligible for auto-proxying)
2018-08-19 21:10:55.712 [main] INFO  o.s.c.s.PostProcessorRegistrationDelegate$BeanPostProcessorChecker -Bean 'diySysUserMapper' of type [org.mybatis.spring.mapper.MapperFactoryBean] is not eligible for getting processed by all BeanPostProcessors (for example: not eligible for auto-proxying)
2018-08-19 21:10:55.712 [main] INFO  o.s.c.s.PostProcessorRegistrationDelegate$BeanPostProcessorChecker -Bean 'diySysUserMapper' of type [com.sun.proxy.$Proxy88] is not eligible for getting processed by all BeanPostProcessors (for example: not eligible for auto-proxying)
2018-08-19 21:10:55.727 [main] INFO  o.s.c.s.PostProcessorRegistrationDelegate$BeanPostProcessorChecker -Bean 'shiroConfiguration' of type [com.rabbit.smart.config.ShiroConfiguration$$EnhancerBySpringCGLIB$$e8565ff7] is not eligible for getting processed by all BeanPostProcessors (for example: not eligible for auto-proxying)
2018-08-19 21:10:55.758 [main] INFO  o.s.c.s.PostProcessorRegistrationDelegate$BeanPostProcessorChecker -Bean 'sysUserMapper' of type [org.mybatis.spring.mapper.MapperFactoryBean] is not eligible for getting processed by all BeanPostProcessors (for example: not eligible for auto-proxying)
2018-08-19 21:10:55.758 [main] INFO  o.s.c.s.PostProcessorRegistrationDelegate$BeanPostProcessorChecker -Bean 'sysUserMapper' of type [com.sun.proxy.$Proxy89] is not eligible for getting processed by all BeanPostProcessors (for example: not eligible for auto-proxying)
2018-08-19 21:10:55.758 [main] INFO  o.s.c.s.PostProcessorRegistrationDelegate$BeanPostProcessorChecker -Bean 'sysUserService' of type [com.rabbit.smart.service.SysUserService] is not eligible for getting processed by all BeanPostProcessors (for example: not eligible for auto-proxying)
2018-08-19 21:10:55.774 [main] INFO  o.s.c.s.PostProcessorRegistrationDelegate$BeanPostProcessorChecker -Bean 'sysPermissionMapper' of type [org.mybatis.spring.mapper.MapperFactoryBean] is not eligible for getting processed by all BeanPostProcessors (for example: not eligible for auto-proxying)
2018-08-19 21:10:55.774 [main] INFO  o.s.c.s.PostProcessorRegistrationDelegate$BeanPostProcessorChecker -Bean 'sysPermissionMapper' of type [com.sun.proxy.$Proxy90] is not eligible for getting processed by all BeanPostProcessors (for example: not eligible for auto-proxying)
2018-08-19 21:10:55.774 [main] INFO  o.s.c.s.PostProcessorRegistrationDelegate$BeanPostProcessorChecker -Bean 'sysPermissionService' of type [com.rabbit.smart.service.SysPermissionService] is not eligible for getting processed by all BeanPostProcessors (for example: not eligible for auto-proxying)
2018-08-19 21:10:55.774 [main] INFO  o.s.c.s.PostProcessorRegistrationDelegate$BeanPostProcessorChecker -Bean 'myShiroRealm' of type [com.rabbit.smart.shiro.MyShiroRealm] is not eligible for getting processed by all BeanPostProcessors (for example: not eligible for auto-proxying)
2018-08-19 21:10:55.790 [main] INFO  o.s.c.s.PostProcessorRegistrationDelegate$BeanPostProcessorChecker -Bean 'securityManager' of type [org.apache.shiro.web.mgt.DefaultWebSecurityManager] is not eligible for getting processed by all BeanPostProcessors (for example: not eligible for auto-proxying)
2018-08-19 21:10:55.805 [main] INFO  o.s.c.s.PostProcessorRegistrationDelegate$BeanPostProcessorChecker -Bean 'authorizationAttributeSourceAdvisor' of type [org.apache.shiro.spring.security.interceptor.AuthorizationAttributeSourceAdvisor] is not eligible for getting processed by all BeanPostProcessors (for example: not eligible for auto-proxying)
2018-08-19 21:10:55.852 [main] INFO  com.alibaba.druid.pool.DruidDataSource -{dataSource-1} inited
2018-08-19 21:10:56.227 [main] INFO  o.s.boot.web.embedded.tomcat.TomcatWebServer -Tomcat initialized with port(s): 10000 (http)
2018-08-19 21:10:56.243 [main] INFO  org.apache.coyote.http11.Http11NioProtocol -Initializing ProtocolHandler ["http-nio-10000"]
2018-08-19 21:10:56.243 [main] INFO  org.apache.catalina.core.StandardService -Starting service [Tomcat]
2018-08-19 21:10:56.243 [main] INFO  org.apache.catalina.core.StandardEngine -Starting Servlet Engine: Apache Tomcat/8.5.31
2018-08-19 21:10:56.259 [localhost-startStop-1] INFO  org.apache.catalina.core.AprLifecycleListener -The APR based Apache Tomcat Native library which allows optimal performance in production environments was not found on the java.library.path: [C:\Program Files\Java\jdk1.8.0_91\bin;C:\WINDOWS\Sun\Java\bin;C:\WINDOWS\system32;C:\WINDOWS;C:\app\zhangxu\product\11.2.0\dbhome_1\bin;C:\Program Files (x86)\Common Files\NetSarang;C:\ProgramData\Oracle\Java\javapath;C:\WINDOWS\system32;C:\WINDOWS;C:\WINDOWS\System32\Wbem;C:\WINDOWS\System32\WindowsPowerShell\v1.0\;C:\Program Files\TortoiseSVN\bin;C:\Program Files\nodejs\;C:\Program Files\TortoiseGit\bin;C:\Program Files\VisualSVN Server\bin;C:\Program Files\Git\cmd;C:\Users\zhangxu\AppData\Local\Microsoft\WindowsApps;C:\Users\zhangxu\AppData\Roaming\npm;.]
2018-08-19 21:10:56.352 [localhost-startStop-1] INFO  o.a.c.core.ContainerBase.[Tomcat].[localhost].[/] -Initializing Spring embedded WebApplicationContext
2018-08-19 21:10:56.352 [localhost-startStop-1] INFO  org.springframework.web.context.ContextLoader -Root WebApplicationContext: initialization completed in 2578 ms
2018-08-19 21:10:56.571 [localhost-startStop-1] INFO  o.s.boot.web.servlet.FilterRegistrationBean -Mapping filter: 'characterEncodingFilter' to: [/*]
2018-08-19 21:10:56.571 [localhost-startStop-1] INFO  o.s.boot.web.servlet.FilterRegistrationBean -Mapping filter: 'sessionRepositoryFilter' to: [/*]
2018-08-19 21:10:56.571 [localhost-startStop-1] INFO  o.s.boot.web.servlet.FilterRegistrationBean -Mapping filter: 'hiddenHttpMethodFilter' to: [/*]
2018-08-19 21:10:56.571 [localhost-startStop-1] INFO  o.s.boot.web.servlet.FilterRegistrationBean -Mapping filter: 'httpPutFormContentFilter' to: [/*]
2018-08-19 21:10:56.571 [localhost-startStop-1] INFO  o.s.boot.web.servlet.FilterRegistrationBean -Mapping filter: 'requestContextFilter' to: [/*]
2018-08-19 21:10:56.571 [localhost-startStop-1] INFO  o.s.boot.web.servlet.FilterRegistrationBean -Mapping filter: 'RequestXssFilter' to urls: [/*]
2018-08-19 21:10:56.571 [localhost-startStop-1] INFO  o.s.boot.web.servlet.FilterRegistrationBean -Mapping filter: 'ResponseHeaderFilter' to urls: [/*]
2018-08-19 21:10:56.571 [localhost-startStop-1] INFO  o.s.boot.web.servlet.FilterRegistrationBean -Mapping filter: 'shiroFilterFactoryBean' to: [/*]
2018-08-19 21:10:56.571 [localhost-startStop-1] INFO  o.s.boot.web.servlet.ServletRegistrationBean -Servlet dispatcherServlet mapped to [/]
2018-08-19 21:10:56.634 [main] INFO  com.rabbit.smart.aop.ControllerAspect -{"/user/add":"用户添加","/user/modify":"用户修改","/user/remove":"用户删除"}
2018-08-19 21:10:57.149 [main] INFO  o.s.w.s.m.m.a.RequestMappingHandlerMapping -Mapped "{[/account/user],methods=[POST]}" onto public org.springframework.http.ResponseEntity<com.rabbit.smart.dto.out.AccountUserDto> com.rabbit.smart.controller.admin.AccountController.user()
2018-08-19 21:10:57.149 [main] INFO  o.s.w.s.m.m.a.RequestMappingHandlerMapping -Mapped "{[/account/unauthorized],methods=[GET]}" onto public org.springframework.http.ResponseEntity<java.lang.String> com.rabbit.smart.controller.admin.AccountController.unauthorized()
2018-08-19 21:10:57.149 [main] INFO  o.s.w.s.m.m.a.RequestMappingHandlerMapping -Mapped "{[/account/login],methods=[POST]}" onto public org.springframework.http.ResponseEntity<com.rabbit.smart.dto.out.AccountLoginDto> com.rabbit.smart.controller.admin.AccountController.login(java.lang.String,java.lang.String,java.lang.String,javax.servlet.http.HttpServletRequest)
2018-08-19 21:10:57.149 [main] INFO  o.s.w.s.m.m.a.RequestMappingHandlerMapping -Mapped "{[/account/captcha.png],methods=[GET]}" onto public org.springframework.http.ResponseEntity<?> com.rabbit.smart.controller.admin.AccountController.captcha() throws java.lang.Exception
2018-08-19 21:10:57.149 [main] INFO  o.s.w.s.m.m.a.RequestMappingHandlerMapping -Mapped "{[/account/logout],methods=[POST]}" onto public org.springframework.http.ResponseEntity<java.lang.Void> com.rabbit.smart.controller.admin.AccountController.logout(javax.servlet.http.HttpServletRequest)
2018-08-19 21:10:57.149 [main] INFO  o.s.w.s.m.m.a.RequestMappingHandlerMapping -Mapped "{[/department/add],methods=[POST]}" onto public void com.rabbit.smart.controller.admin.DepartmentController.add()
2018-08-19 21:10:57.149 [main] INFO  o.s.w.s.m.m.a.RequestMappingHandlerMapping -Mapped "{[/department/remove],methods=[POST]}" onto public void com.rabbit.smart.controller.admin.DepartmentController.remove()
2018-08-19 21:10:57.149 [main] INFO  o.s.w.s.m.m.a.RequestMappingHandlerMapping -Mapped "{[/department/query/tree],methods=[POST]}" onto public org.springframework.http.ResponseEntity<com.rabbit.smart.dto.Recursion<com.rabbit.smart.dao.entity.SysDepartment>> com.rabbit.smart.controller.admin.DepartmentController.query_tree()
2018-08-19 21:10:57.149 [main] INFO  o.s.w.s.m.m.a.RequestMappingHandlerMapping -Mapped "{[/department/modify],methods=[POST]}" onto public void com.rabbit.smart.controller.admin.DepartmentController.modify()
2018-08-19 21:10:57.149 [main] INFO  o.s.w.s.m.m.a.RequestMappingHandlerMapping -Mapped "{[/dictionary/add],methods=[POST]}" onto public org.springframework.http.ResponseEntity<java.lang.Void> com.rabbit.smart.controller.admin.DictionaryController.add()
2018-08-19 21:10:57.149 [main] INFO  o.s.w.s.m.m.a.RequestMappingHandlerMapping -Mapped "{[/dictionary/remove],methods=[POST]}" onto public org.springframework.http.ResponseEntity<java.lang.Void> com.rabbit.smart.controller.admin.DictionaryController.remove()
2018-08-19 21:10:57.149 [main] INFO  o.s.w.s.m.m.a.RequestMappingHandlerMapping -Mapped "{[/dictionary/get],methods=[POST]}" onto public org.springframework.http.ResponseEntity<java.lang.Void> com.rabbit.smart.controller.admin.DictionaryController.get()
2018-08-19 21:10:57.149 [main] INFO  o.s.w.s.m.m.a.RequestMappingHandlerMapping -Mapped "{[/dictionary/query],methods=[POST]}" onto public org.springframework.http.ResponseEntity<java.lang.Void> com.rabbit.smart.controller.admin.DictionaryController.query()
2018-08-19 21:10:57.149 [main] INFO  o.s.w.s.m.m.a.RequestMappingHandlerMapping -Mapped "{[/dictionary/modify],methods=[POST]}" onto public org.springframework.http.ResponseEntity<java.lang.Void> com.rabbit.smart.controller.admin.DictionaryController.modify()
2018-08-19 21:10:57.149 [main] INFO  o.s.w.s.m.m.a.RequestMappingHandlerMapping -Mapped "{[/log/operation],methods=[POST]}" onto public org.springframework.http.ResponseEntity<java.lang.Void> com.rabbit.smart.controller.admin.LogController.operation(com.rabbit.smart.dto.in.LogOperationDto)
2018-08-19 21:10:57.149 [main] INFO  o.s.w.s.m.m.a.RequestMappingHandlerMapping -Mapped "{[/log/login],methods=[POST]}" onto public org.springframework.http.ResponseEntity<com.github.pagehelper.PageInfo<com.rabbit.smart.dao.entity.SysLoginLog>> com.rabbit.smart.controller.admin.LogController.login(com.rabbit.smart.dto.in.LogLoginDto)
2018-08-19 21:10:57.165 [main] INFO  o.s.w.s.m.m.a.RequestMappingHandlerMapping -Mapped "{[/log/operation/type],methods=[POST]}" onto public org.springframework.http.ResponseEntity<java.util.List<java.lang.String>> com.rabbit.smart.controller.admin.LogController.operation_type()
2018-08-19 21:10:57.165 [main] INFO  o.s.w.s.m.m.a.RequestMappingHandlerMapping -Mapped "{[/permission/add],methods=[POST]}" onto public org.springframework.http.ResponseEntity<java.lang.Void> com.rabbit.smart.controller.admin.PermissionController.add()
2018-08-19 21:10:57.165 [main] INFO  o.s.w.s.m.m.a.RequestMappingHandlerMapping -Mapped "{[/permission/remove],methods=[POST]}" onto public org.springframework.http.ResponseEntity<java.lang.Void> com.rabbit.smart.controller.admin.PermissionController.remove()
2018-08-19 21:10:57.165 [main] INFO  o.s.w.s.m.m.a.RequestMappingHandlerMapping -Mapped "{[/permission/get],methods=[POST]}" onto public org.springframework.http.ResponseEntity<java.lang.Void> com.rabbit.smart.controller.admin.PermissionController.get()
2018-08-19 21:10:57.165 [main] INFO  o.s.w.s.m.m.a.RequestMappingHandlerMapping -Mapped "{[/permission/query],methods=[POST]}" onto public org.springframework.http.ResponseEntity<java.lang.Void> com.rabbit.smart.controller.admin.PermissionController.query()
2018-08-19 21:10:57.165 [main] INFO  o.s.w.s.m.m.a.RequestMappingHandlerMapping -Mapped "{[/permission/query/tree/simple],methods=[POST]}" onto public org.springframework.http.ResponseEntity<com.rabbit.smart.dto.Recursion<com.rabbit.smart.dao.entity.SysPermission>> com.rabbit.smart.controller.admin.PermissionController.query_tree_simple()
2018-08-19 21:10:57.165 [main] INFO  o.s.w.s.m.m.a.RequestMappingHandlerMapping -Mapped "{[/permission/query/tree],methods=[POST]}" onto public org.springframework.http.ResponseEntity<com.rabbit.smart.dto.Recursion<com.rabbit.smart.dao.entity.SysPermission>> com.rabbit.smart.controller.admin.PermissionController.query_tree()
2018-08-19 21:10:57.165 [main] INFO  o.s.w.s.m.m.a.RequestMappingHandlerMapping -Mapped "{[/permission/modify],methods=[POST]}" onto public org.springframework.http.ResponseEntity<java.lang.Void> com.rabbit.smart.controller.admin.PermissionController.modify()
2018-08-19 21:10:57.165 [main] INFO  o.s.w.s.m.m.a.RequestMappingHandlerMapping -Mapped "{[/role/add],methods=[POST]}" onto public org.springframework.http.ResponseEntity<java.lang.Void> com.rabbit.smart.controller.admin.RoleController.add(com.rabbit.smart.dto.in.RoleAddDto)
2018-08-19 21:10:57.165 [main] INFO  o.s.w.s.m.m.a.RequestMappingHandlerMapping -Mapped "{[/role/remove],methods=[POST]}" onto public org.springframework.http.ResponseEntity<java.lang.Void> com.rabbit.smart.controller.admin.RoleController.remove(int)
2018-08-19 21:10:57.165 [main] INFO  o.s.w.s.m.m.a.RequestMappingHandlerMapping -Mapped "{[/role/query],methods=[POST]}" onto public org.springframework.http.ResponseEntity<java.util.List<com.rabbit.smart.dao.entity.SysRole>> com.rabbit.smart.controller.admin.RoleController.query()
2018-08-19 21:10:57.165 [main] INFO  o.s.w.s.m.m.a.RequestMappingHandlerMapping -Mapped "{[/role/modify/permissions],methods=[POST]}" onto public org.springframework.http.ResponseEntity<java.lang.Void> com.rabbit.smart.controller.admin.RoleController.modify_permissions(java.lang.Integer,java.lang.String)
2018-08-19 21:10:57.165 [main] INFO  o.s.w.s.m.m.a.RequestMappingHandlerMapping -Mapped "{[/role/get/permissions],methods=[POST]}" onto public org.springframework.http.ResponseEntity<java.util.List<java.lang.Integer>> com.rabbit.smart.controller.admin.RoleController.get_permissions(java.lang.Integer)
2018-08-19 21:10:57.165 [main] INFO  o.s.w.s.m.m.a.RequestMappingHandlerMapping -Mapped "{[/role/modify],methods=[POST]}" onto public org.springframework.http.ResponseEntity<java.lang.Void> com.rabbit.smart.controller.admin.RoleController.modify(com.rabbit.smart.dto.in.RoleModifyDto)
2018-08-19 21:10:57.165 [main] INFO  o.s.w.s.m.m.a.RequestMappingHandlerMapping -Mapped "{[/user/add],methods=[POST]}" onto public org.springframework.http.ResponseEntity<java.lang.Void> com.rabbit.smart.controller.admin.UserController.add(com.rabbit.smart.dto.in.UserAddDto)
2018-08-19 21:10:57.181 [main] INFO  o.s.w.s.m.m.a.RequestMappingHandlerMapping -Mapped "{[/user/remove],methods=[POST]}" onto public org.springframework.http.ResponseEntity<java.lang.Void> com.rabbit.smart.controller.admin.UserController.remove(java.lang.String)
2018-08-19 21:10:57.181 [main] INFO  o.s.w.s.m.m.a.RequestMappingHandlerMapping -Mapped "{[/user/get],methods=[POST]}" onto public org.springframework.http.ResponseEntity<com.rabbit.smart.dao.diy.entity.DiySysUser> com.rabbit.smart.controller.admin.UserController.get(java.lang.String)
2018-08-19 21:10:57.181 [main] INFO  o.s.w.s.m.m.a.RequestMappingHandlerMapping -Mapped "{[/user/query],methods=[POST]}" onto public org.springframework.http.ResponseEntity<com.github.pagehelper.PageInfo<com.rabbit.smart.dao.diy.entity.DiySysUser>> com.rabbit.smart.controller.admin.UserController.query(com.rabbit.smart.dto.in.UserQueryDto)
2018-08-19 21:10:57.181 [main] INFO  o.s.w.s.m.m.a.RequestMappingHandlerMapping -Mapped "{[/user/modify],methods=[POST]}" onto public org.springframework.http.ResponseEntity<java.lang.Void> com.rabbit.smart.controller.admin.UserController.modify(com.rabbit.smart.dto.in.UserModifyDto)
2018-08-19 21:10:57.181 [main] INFO  o.s.w.s.m.m.a.RequestMappingHandlerMapping -Mapped "{[/swagger-resources/configuration/ui]}" onto public org.springframework.http.ResponseEntity<springfox.documentation.swagger.web.UiConfiguration> springfox.documentation.swagger.web.ApiResourceController.uiConfiguration()
2018-08-19 21:10:57.181 [main] INFO  o.s.w.s.m.m.a.RequestMappingHandlerMapping -Mapped "{[/swagger-resources]}" onto public org.springframework.http.ResponseEntity<java.util.List<springfox.documentation.swagger.web.SwaggerResource>> springfox.documentation.swagger.web.ApiResourceController.swaggerResources()
2018-08-19 21:10:57.181 [main] INFO  o.s.w.s.m.m.a.RequestMappingHandlerMapping -Mapped "{[/swagger-resources/configuration/security]}" onto public org.springframework.http.ResponseEntity<springfox.documentation.swagger.web.SecurityConfiguration> springfox.documentation.swagger.web.ApiResourceController.securityConfiguration()
2018-08-19 21:10:57.181 [main] INFO  o.s.w.s.m.m.a.RequestMappingHandlerMapping -Mapped "{[/error]}" onto public org.springframework.http.ResponseEntity<java.util.Map<java.lang.String, java.lang.Object>> org.springframework.boot.autoconfigure.web.servlet.error.BasicErrorController.error(javax.servlet.http.HttpServletRequest)
2018-08-19 21:10:57.181 [main] INFO  o.s.w.s.m.m.a.RequestMappingHandlerMapping -Mapped "{[/error],produces=[text/html]}" onto public org.springframework.web.servlet.ModelAndView org.springframework.boot.autoconfigure.web.servlet.error.BasicErrorController.errorHtml(javax.servlet.http.HttpServletRequest,javax.servlet.http.HttpServletResponse)
2018-08-19 21:10:57.368 [main] INFO  io.lettuce.core.EpollProvider -Starting without optional epoll library
2018-08-19 21:10:57.368 [main] INFO  io.lettuce.core.KqueueProvider -Starting without optional kqueue library
2018-08-19 21:10:57.681 [main] INFO  s.d.s.w.PropertySourcedRequestMappingHandlerMapping -Mapped URL path [/v2/api-docs] onto method [public org.springframework.http.ResponseEntity<springfox.documentation.spring.web.json.Json> springfox.documentation.swagger2.web.Swagger2Controller.getDocumentation(java.lang.String,javax.servlet.http.HttpServletRequest)]
2018-08-19 21:10:57.790 [main] INFO  o.s.web.servlet.handler.SimpleUrlHandlerMapping -Mapped URL path [/**/favicon.ico] onto handler of type [class org.springframework.web.servlet.resource.ResourceHttpRequestHandler]
2018-08-19 21:10:57.993 [main] INFO  o.s.w.s.m.m.a.RequestMappingHandlerAdapter -Looking for @ControllerAdvice: org.springframework.boot.web.servlet.context.AnnotationConfigServletWebServerApplicationContext@1700915: startup date [Sun Aug 19 21:10:53 CST 2018]; root of context hierarchy
2018-08-19 21:10:58.040 [main] INFO  o.s.web.servlet.handler.SimpleUrlHandlerMapping -Mapped URL path [/webjars/**] onto handler of type [class org.springframework.web.servlet.resource.ResourceHttpRequestHandler]
2018-08-19 21:10:58.040 [main] INFO  o.s.web.servlet.handler.SimpleUrlHandlerMapping -Mapped URL path [/**] onto handler of type [class org.springframework.web.servlet.resource.ResourceHttpRequestHandler]
2018-08-19 21:10:58.056 [main] INFO  o.s.w.s.m.m.a.ExceptionHandlerExceptionResolver -Detected @ExceptionHandler methods in handlerException
2018-08-19 21:10:58.462 [main] INFO  o.s.jmx.export.annotation.AnnotationMBeanExporter -Registering beans for JMX exposure on startup
2018-08-19 21:10:58.462 [main] INFO  o.s.jmx.export.annotation.AnnotationMBeanExporter -Bean with name 'dataSource' has been autodetected for JMX exposure
2018-08-19 21:10:58.478 [main] INFO  o.s.jmx.export.annotation.AnnotationMBeanExporter -Located MBean 'dataSource': registering with JMX server as MBean [com.alibaba.druid.pool:name=dataSource,type=DruidDataSource]
2018-08-19 21:10:58.478 [main] INFO  o.s.context.support.DefaultLifecycleProcessor -Starting beans in phase 2147483647
2018-08-19 21:10:58.478 [main] INFO  s.d.s.web.plugins.DocumentationPluginsBootstrapper -Context refreshed
2018-08-19 21:10:58.493 [main] INFO  s.d.s.web.plugins.DocumentationPluginsBootstrapper -Found 1 custom documentation plugin(s)
2018-08-19 21:10:58.524 [main] INFO  s.d.spring.web.scanners.ApiListingReferenceScanner -Scanning for api listing references
2018-08-19 21:10:58.649 [main] INFO  s.d.s.w.r.operation.CachingOperationNameGenerator -Generating unique operation named: addUsingPOST_1
2018-08-19 21:10:58.649 [main] INFO  s.d.s.w.r.operation.CachingOperationNameGenerator -Generating unique operation named: modifyUsingPOST_1
2018-08-19 21:10:58.649 [main] INFO  s.d.s.w.r.operation.CachingOperationNameGenerator -Generating unique operation named: removeUsingPOST_1
2018-08-19 21:10:58.665 [main] INFO  s.d.s.w.r.operation.CachingOperationNameGenerator -Generating unique operation named: loginUsingPOST_1
2018-08-19 21:10:58.665 [main] INFO  s.d.s.w.r.operation.CachingOperationNameGenerator -Generating unique operation named: addUsingPOST_2
2018-08-19 21:10:58.665 [main] INFO  s.d.s.w.r.operation.CachingOperationNameGenerator -Generating unique operation named: getUsingPOST_1
2018-08-19 21:10:58.665 [main] INFO  s.d.s.w.r.operation.CachingOperationNameGenerator -Generating unique operation named: modifyUsingPOST_2
2018-08-19 21:10:58.665 [main] INFO  s.d.s.w.r.operation.CachingOperationNameGenerator -Generating unique operation named: queryUsingPOST_1
2018-08-19 21:10:58.681 [main] INFO  s.d.s.w.r.operation.CachingOperationNameGenerator -Generating unique operation named: query_treeUsingPOST_1
2018-08-19 21:10:58.681 [main] INFO  s.d.s.w.r.operation.CachingOperationNameGenerator -Generating unique operation named: removeUsingPOST_2
2018-08-19 21:10:58.681 [main] INFO  s.d.s.w.r.operation.CachingOperationNameGenerator -Generating unique operation named: addUsingPOST_3
2018-08-19 21:10:58.681 [main] INFO  s.d.s.w.r.operation.CachingOperationNameGenerator -Generating unique operation named: modifyUsingPOST_3
2018-08-19 21:10:58.696 [main] INFO  s.d.s.w.r.operation.CachingOperationNameGenerator -Generating unique operation named: queryUsingPOST_2
2018-08-19 21:10:58.696 [main] INFO  s.d.s.w.r.operation.CachingOperationNameGenerator -Generating unique operation named: removeUsingPOST_3
2018-08-19 21:10:58.696 [main] INFO  s.d.s.w.r.operation.CachingOperationNameGenerator -Generating unique operation named: addUsingPOST_4
2018-08-19 21:10:58.696 [main] INFO  s.d.s.w.r.operation.CachingOperationNameGenerator -Generating unique operation named: getUsingPOST_2
2018-08-19 21:10:58.696 [main] INFO  s.d.s.w.r.operation.CachingOperationNameGenerator -Generating unique operation named: modifyUsingPOST_4
2018-08-19 21:10:58.696 [main] INFO  s.d.s.w.r.operation.CachingOperationNameGenerator -Generating unique operation named: queryUsingPOST_3
2018-08-19 21:10:58.712 [main] INFO  s.d.s.w.r.operation.CachingOperationNameGenerator -Generating unique operation named: removeUsingPOST_4
2018-08-19 21:10:58.774 [main] INFO  o.s.s.a.ScheduledAnnotationBeanPostProcessor -No TaskScheduler/ScheduledExecutorService bean found for scheduled processing
2018-08-19 21:10:58.774 [main] INFO  org.apache.coyote.http11.Http11NioProtocol -Starting ProtocolHandler ["http-nio-10000"]
2018-08-19 21:10:58.774 [main] INFO  org.apache.tomcat.util.net.NioSelectorPool -Using a shared selector for servlet write/read
2018-08-19 21:10:58.790 [main] INFO  o.s.boot.web.embedded.tomcat.TomcatWebServer -Tomcat started on port(s): 10000 (http) with context path ''
2018-08-19 21:10:58.790 [main] INFO  com.rabbit.smart.Application -Started Application in 5.376 seconds (JVM running for 6.354)
2018-08-19 21:11:07.338 [http-nio-10000-exec-1] INFO  o.a.c.core.ContainerBase.[Tomcat].[localhost].[/] -Initializing Spring FrameworkServlet 'dispatcherServlet'
2018-08-19 21:11:07.338 [http-nio-10000-exec-1] INFO  org.springframework.web.servlet.DispatcherServlet -FrameworkServlet 'dispatcherServlet': initialization started
2018-08-19 21:11:07.362 [http-nio-10000-exec-1] INFO  org.springframework.web.servlet.DispatcherServlet -FrameworkServlet 'dispatcherServlet': initialization completed in 24 ms
2018-08-19 21:11:07.676 [http-nio-10000-exec-8] INFO  com.rabbit.smart.aop.ControllerAspect -请求:0:0:0:0:0:0:0:1 GET /account/unauthorized {} 响应:{"headers":{},"statusCode":"UNAUTHORIZED","statusCodeValue":401} 用时:7 ms
2018-08-19 21:11:12.711 [http-nio-10000-exec-2] INFO  com.rabbit.smart.aop.ControllerAspect -请求:0:0:0:0:0:0:0:1 GET /account/unauthorized {} 响应:{"headers":{},"statusCode":"UNAUTHORIZED","statusCodeValue":401} 用时:0 ms
2018-08-19 21:11:13.130 [http-nio-10000-exec-4] INFO  com.rabbit.smart.aop.ControllerAspect -请求:0:0:0:0:0:0:0:1 GET /account/unauthorized {} 响应:{"headers":{},"statusCode":"UNAUTHORIZED","statusCodeValue":401} 用时:0 ms
2018-08-19 21:11:13.305 [http-nio-10000-exec-7] INFO  com.rabbit.smart.aop.ControllerAspect -请求:0:0:0:0:0:0:0:1 GET /account/unauthorized {} 响应:{"headers":{},"statusCode":"UNAUTHORIZED","statusCodeValue":401} 用时:0 ms
2018-08-19 21:11:13.496 [http-nio-10000-exec-9] INFO  com.rabbit.smart.aop.ControllerAspect -请求:0:0:0:0:0:0:0:1 GET /account/unauthorized {} 响应:{"headers":{},"statusCode":"UNAUTHORIZED","statusCodeValue":401} 用时:0 ms
