2018-05-13 21:02:13.861 [main] INFO  o.s.b.t.context.SpringBootTestContextBootstrapper -Neither @ContextConfiguration nor @ContextHierarchy found for test class [com.rabbit.smart.RedisTest], using SpringBootContextLoader
2018-05-13 21:02:13.866 [main] INFO  o.s.test.context.support.AbstractContextLoader -Could not detect default resource locations for test class [com.rabbit.smart.RedisTest]: no resource found for suffixes {-context.xml, Context.groovy}.
2018-05-13 21:02:13.867 [main] INFO  o.s.t.c.support.AnnotationConfigContextLoaderUtils -Could not detect default configuration classes for test class [com.rabbit.smart.RedisTest]: RedisTest does not declare any static, non-private, non-final, nested classes annotated with @Configuration.
2018-05-13 21:02:13.984 [main] INFO  o.s.b.t.context.SpringBootTestContextBootstrapper -Found @SpringBootConfiguration com.rabbit.smart.WebApplication for test class com.rabbit.smart.RedisTest
2018-05-13 21:02:13.997 [main] INFO  o.s.b.t.context.SpringBootTestContextBootstrapper -Loaded default TestExecutionListener class names from location [META-INF/spring.factories]: [org.springframework.boot.test.mock.mockito.MockitoTestExecutionListener, org.springframework.boot.test.mock.mockito.ResetMocksTestExecutionListener, org.springframework.boot.test.autoconfigure.restdocs.RestDocsTestExecutionListener, org.springframework.boot.test.autoconfigure.web.client.MockRestServiceServerResetTestExecutionListener, org.springframework.boot.test.autoconfigure.web.servlet.MockMvcPrintOnlyOnFailureTestExecutionListener, org.springframework.boot.test.autoconfigure.web.servlet.WebDriverTestExecutionListener, org.springframework.test.context.web.ServletTestExecutionListener, org.springframework.test.context.support.DirtiesContextBeforeModesTestExecutionListener, org.springframework.test.context.support.DependencyInjectionTestExecutionListener, org.springframework.test.context.support.DirtiesContextTestExecutionListener, org.springframework.test.context.transaction.TransactionalTestExecutionListener, org.springframework.test.context.jdbc.SqlScriptsTestExecutionListener]
2018-05-13 21:02:14.025 [main] INFO  o.s.b.t.context.SpringBootTestContextBootstrapper -Using TestExecutionListeners: [org.springframework.test.context.web.ServletTestExecutionListener@7219ec67, org.springframework.test.context.support.DirtiesContextBeforeModesTestExecutionListener@45018215, org.springframework.boot.test.autoconfigure.SpringBootDependencyInjectionTestExecutionListener@65d6b83b, org.springframework.test.context.support.DirtiesContextTestExecutionListener@d706f19, org.springframework.test.context.transaction.TransactionalTestExecutionListener@30b7c004, org.springframework.test.context.jdbc.SqlScriptsTestExecutionListener@79efed2d, org.springframework.boot.test.mock.mockito.MockitoTestExecutionListener@2928854b, org.springframework.boot.test.autoconfigure.web.client.MockRestServiceServerResetTestExecutionListener@27ae2fd0, org.springframework.boot.test.autoconfigure.web.servlet.MockMvcPrintOnlyOnFailureTestExecutionListener@29176cc1, org.springframework.boot.test.autoconfigure.web.servlet.WebDriverTestExecutionListener@2f177a4b, org.springframework.boot.test.autoconfigure.restdocs.RestDocsTestExecutionListener@4278a03f, org.springframework.boot.test.mock.mockito.ResetMocksTestExecutionListener@147ed70f]
2018-05-13 21:02:14.658 [main] INFO  com.rabbit.smart.RedisTest -Starting RedisTest on DESKTOP-NCAUIPH with PID 21200 (started by xuzhang in E:\github\2508658887@qq.com\smart\web)
2018-05-13 21:02:14.659 [main] INFO  com.rabbit.smart.RedisTest -No active profile set, falling back to default profiles: default
2018-05-13 21:02:14.702 [main] INFO  o.s.w.context.support.GenericWebApplicationContext -Refreshing org.springframework.web.context.support.GenericWebApplicationContext@74751b3: startup date [Sun May 13 21:02:14 CST 2018]; root of context hierarchy
2018-05-13 21:02:15.105 [background-preinit] INFO  org.hibernate.validator.internal.util.Version -HV000001: Hibernate Validator 5.3.5.Final
2018-05-13 21:02:15.424 [main] INFO  o.s.d.r.config.RepositoryConfigurationDelegate -Multiple Spring Data modules found, entering strict repository configuration mode!
2018-05-13 21:02:16.690 [main] INFO  o.s.w.s.m.m.a.RequestMappingHandlerAdapter -Looking for @ControllerAdvice: org.springframework.web.context.support.GenericWebApplicationContext@74751b3: startup date [Sun May 13 21:02:14 CST 2018]; root of context hierarchy
2018-05-13 21:02:16.749 [main] INFO  o.s.w.s.m.m.a.RequestMappingHandlerMapping -Mapped "{[/hello]}" onto public java.lang.String com.rabbit.smart.controller.HelloWorldController.index()
2018-05-13 21:02:16.751 [main] INFO  o.s.w.s.m.m.a.RequestMappingHandlerMapping -Mapped "{[/error]}" onto public org.springframework.http.ResponseEntity<java.util.Map<java.lang.String, java.lang.Object>> org.springframework.boot.autoconfigure.web.BasicErrorController.error(javax.servlet.http.HttpServletRequest)
2018-05-13 21:02:16.751 [main] INFO  o.s.w.s.m.m.a.RequestMappingHandlerMapping -Mapped "{[/error],produces=[text/html]}" onto public org.springframework.web.servlet.ModelAndView org.springframework.boot.autoconfigure.web.BasicErrorController.errorHtml(javax.servlet.http.HttpServletRequest,javax.servlet.http.HttpServletResponse)
2018-05-13 21:02:16.779 [main] INFO  o.s.web.servlet.handler.SimpleUrlHandlerMapping -Mapped URL path [/webjars/**] onto handler of type [class org.springframework.web.servlet.resource.ResourceHttpRequestHandler]
2018-05-13 21:02:16.779 [main] INFO  o.s.web.servlet.handler.SimpleUrlHandlerMapping -Mapped URL path [/**] onto handler of type [class org.springframework.web.servlet.resource.ResourceHttpRequestHandler]
2018-05-13 21:02:16.812 [main] INFO  o.s.web.servlet.handler.SimpleUrlHandlerMapping -Mapped URL path [/**/favicon.ico] onto handler of type [class org.springframework.web.servlet.resource.ResourceHttpRequestHandler]
2018-05-13 21:02:17.027 [main] INFO  o.s.context.support.DefaultLifecycleProcessor -Starting beans in phase 2147483647
2018-05-13 21:02:17.036 [main] INFO  o.s.s.a.ScheduledAnnotationBeanPostProcessor -No TaskScheduler/ScheduledExecutorService bean found for scheduled processing
2018-05-13 21:02:17.051 [main] INFO  com.rabbit.smart.RedisTest -Started RedisTest in 2.821 seconds (JVM running for 3.831)
2018-05-13 21:02:17.209 [Thread-5] INFO  o.s.w.context.support.GenericWebApplicationContext -Closing org.springframework.web.context.support.GenericWebApplicationContext@74751b3: startup date [Sun May 13 21:02:14 CST 2018]; root of context hierarchy
2018-05-13 21:02:17.211 [Thread-5] INFO  o.s.context.support.DefaultLifecycleProcessor -Stopping beans in phase 2147483647
2018-05-13 21:03:34.145 [main] INFO  o.s.b.t.context.SpringBootTestContextBootstrapper -Neither @ContextConfiguration nor @ContextHierarchy found for test class [com.rabbit.smart.RedisTest], using SpringBootContextLoader
2018-05-13 21:03:34.150 [main] INFO  o.s.test.context.support.AbstractContextLoader -Could not detect default resource locations for test class [com.rabbit.smart.RedisTest]: no resource found for suffixes {-context.xml, Context.groovy}.
2018-05-13 21:03:34.151 [main] INFO  o.s.t.c.support.AnnotationConfigContextLoaderUtils -Could not detect default configuration classes for test class [com.rabbit.smart.RedisTest]: RedisTest does not declare any static, non-private, non-final, nested classes annotated with @Configuration.
2018-05-13 21:03:34.256 [main] INFO  o.s.b.t.context.SpringBootTestContextBootstrapper -Found @SpringBootConfiguration com.rabbit.smart.WebApplication for test class com.rabbit.smart.RedisTest
2018-05-13 21:03:34.263 [main] INFO  o.s.b.t.context.SpringBootTestContextBootstrapper -Loaded default TestExecutionListener class names from location [META-INF/spring.factories]: [org.springframework.boot.test.mock.mockito.MockitoTestExecutionListener, org.springframework.boot.test.mock.mockito.ResetMocksTestExecutionListener, org.springframework.boot.test.autoconfigure.restdocs.RestDocsTestExecutionListener, org.springframework.boot.test.autoconfigure.web.client.MockRestServiceServerResetTestExecutionListener, org.springframework.boot.test.autoconfigure.web.servlet.MockMvcPrintOnlyOnFailureTestExecutionListener, org.springframework.boot.test.autoconfigure.web.servlet.WebDriverTestExecutionListener, org.springframework.test.context.web.ServletTestExecutionListener, org.springframework.test.context.support.DirtiesContextBeforeModesTestExecutionListener, org.springframework.test.context.support.DependencyInjectionTestExecutionListener, org.springframework.test.context.support.DirtiesContextTestExecutionListener, org.springframework.test.context.transaction.TransactionalTestExecutionListener, org.springframework.test.context.jdbc.SqlScriptsTestExecutionListener]
2018-05-13 21:03:34.293 [main] INFO  o.s.b.t.context.SpringBootTestContextBootstrapper -Using TestExecutionListeners: [org.springframework.test.context.web.ServletTestExecutionListener@65d6b83b, org.springframework.test.context.support.DirtiesContextBeforeModesTestExecutionListener@d706f19, org.springframework.boot.test.autoconfigure.SpringBootDependencyInjectionTestExecutionListener@30b7c004, org.springframework.test.context.support.DirtiesContextTestExecutionListener@79efed2d, org.springframework.test.context.transaction.TransactionalTestExecutionListener@2928854b, org.springframework.test.context.jdbc.SqlScriptsTestExecutionListener@27ae2fd0, org.springframework.boot.test.mock.mockito.ResetMocksTestExecutionListener@29176cc1, org.springframework.boot.test.mock.mockito.MockitoTestExecutionListener@2f177a4b, org.springframework.boot.test.autoconfigure.web.servlet.MockMvcPrintOnlyOnFailureTestExecutionListener@4278a03f, org.springframework.boot.test.autoconfigure.web.client.MockRestServiceServerResetTestExecutionListener@147ed70f, org.springframework.boot.test.autoconfigure.restdocs.RestDocsTestExecutionListener@61dd025, org.springframework.boot.test.autoconfigure.web.servlet.WebDriverTestExecutionListener@124c278f]
2018-05-13 21:03:34.900 [main] INFO  com.rabbit.smart.RedisTest -Starting RedisTest on DESKTOP-NCAUIPH with PID 18344 (started by xuzhang in E:\github\2508658887@qq.com\smart\web)
2018-05-13 21:03:34.902 [main] INFO  com.rabbit.smart.RedisTest -No active profile set, falling back to default profiles: default
2018-05-13 21:03:34.934 [main] INFO  o.s.w.context.support.GenericWebApplicationContext -Refreshing org.springframework.web.context.support.GenericWebApplicationContext@74751b3: startup date [Sun May 13 21:03:34 CST 2018]; root of context hierarchy
2018-05-13 21:03:35.458 [background-preinit] INFO  org.hibernate.validator.internal.util.Version -HV000001: Hibernate Validator 5.3.5.Final
2018-05-13 21:03:35.725 [main] INFO  o.s.d.r.config.RepositoryConfigurationDelegate -Multiple Spring Data modules found, entering strict repository configuration mode!
2018-05-13 21:03:36.899 [main] INFO  o.s.w.s.m.m.a.RequestMappingHandlerAdapter -Looking for @ControllerAdvice: org.springframework.web.context.support.GenericWebApplicationContext@74751b3: startup date [Sun May 13 21:03:34 CST 2018]; root of context hierarchy
2018-05-13 21:03:36.958 [main] INFO  o.s.w.s.m.m.a.RequestMappingHandlerMapping -Mapped "{[/hello]}" onto public java.lang.String com.rabbit.smart.controller.HelloWorldController.index()
2018-05-13 21:03:36.960 [main] INFO  o.s.w.s.m.m.a.RequestMappingHandlerMapping -Mapped "{[/error]}" onto public org.springframework.http.ResponseEntity<java.util.Map<java.lang.String, java.lang.Object>> org.springframework.boot.autoconfigure.web.BasicErrorController.error(javax.servlet.http.HttpServletRequest)
2018-05-13 21:03:36.961 [main] INFO  o.s.w.s.m.m.a.RequestMappingHandlerMapping -Mapped "{[/error],produces=[text/html]}" onto public org.springframework.web.servlet.ModelAndView org.springframework.boot.autoconfigure.web.BasicErrorController.errorHtml(javax.servlet.http.HttpServletRequest,javax.servlet.http.HttpServletResponse)
2018-05-13 21:03:36.987 [main] INFO  o.s.web.servlet.handler.SimpleUrlHandlerMapping -Mapped URL path [/webjars/**] onto handler of type [class org.springframework.web.servlet.resource.ResourceHttpRequestHandler]
2018-05-13 21:03:36.988 [main] INFO  o.s.web.servlet.handler.SimpleUrlHandlerMapping -Mapped URL path [/**] onto handler of type [class org.springframework.web.servlet.resource.ResourceHttpRequestHandler]
2018-05-13 21:03:37.022 [main] INFO  o.s.web.servlet.handler.SimpleUrlHandlerMapping -Mapped URL path [/**/favicon.ico] onto handler of type [class org.springframework.web.servlet.resource.ResourceHttpRequestHandler]
2018-05-13 21:03:37.239 [main] INFO  o.s.context.support.DefaultLifecycleProcessor -Starting beans in phase 2147483647
2018-05-13 21:03:37.248 [main] INFO  o.s.s.a.ScheduledAnnotationBeanPostProcessor -No TaskScheduler/ScheduledExecutorService bean found for scheduled processing
2018-05-13 21:03:37.262 [main] INFO  com.rabbit.smart.RedisTest -Started RedisTest in 2.824 seconds (JVM running for 3.762)
2018-05-13 21:03:37.339 [Thread-5] INFO  o.s.w.context.support.GenericWebApplicationContext -Closing org.springframework.web.context.support.GenericWebApplicationContext@74751b3: startup date [Sun May 13 21:03:34 CST 2018]; root of context hierarchy
2018-05-13 21:03:37.340 [Thread-5] INFO  o.s.context.support.DefaultLifecycleProcessor -Stopping beans in phase 2147483647
2018-05-13 21:03:44.983 [main] INFO  o.s.b.t.context.SpringBootTestContextBootstrapper -Neither @ContextConfiguration nor @ContextHierarchy found for test class [com.rabbit.smart.RedisTest], using SpringBootContextLoader
2018-05-13 21:03:44.988 [main] INFO  o.s.test.context.support.AbstractContextLoader -Could not detect default resource locations for test class [com.rabbit.smart.RedisTest]: no resource found for suffixes {-context.xml, Context.groovy}.
2018-05-13 21:03:44.989 [main] INFO  o.s.t.c.support.AnnotationConfigContextLoaderUtils -Could not detect default configuration classes for test class [com.rabbit.smart.RedisTest]: RedisTest does not declare any static, non-private, non-final, nested classes annotated with @Configuration.
2018-05-13 21:03:45.090 [main] INFO  o.s.b.t.context.SpringBootTestContextBootstrapper -Found @SpringBootConfiguration com.rabbit.smart.WebApplication for test class com.rabbit.smart.RedisTest
2018-05-13 21:03:45.097 [main] INFO  o.s.b.t.context.SpringBootTestContextBootstrapper -Loaded default TestExecutionListener class names from location [META-INF/spring.factories]: [org.springframework.boot.test.mock.mockito.MockitoTestExecutionListener, org.springframework.boot.test.mock.mockito.ResetMocksTestExecutionListener, org.springframework.boot.test.autoconfigure.restdocs.RestDocsTestExecutionListener, org.springframework.boot.test.autoconfigure.web.client.MockRestServiceServerResetTestExecutionListener, org.springframework.boot.test.autoconfigure.web.servlet.MockMvcPrintOnlyOnFailureTestExecutionListener, org.springframework.boot.test.autoconfigure.web.servlet.WebDriverTestExecutionListener, org.springframework.test.context.web.ServletTestExecutionListener, org.springframework.test.context.support.DirtiesContextBeforeModesTestExecutionListener, org.springframework.test.context.support.DependencyInjectionTestExecutionListener, org.springframework.test.context.support.DirtiesContextTestExecutionListener, org.springframework.test.context.transaction.TransactionalTestExecutionListener, org.springframework.test.context.jdbc.SqlScriptsTestExecutionListener]
2018-05-13 21:03:45.121 [main] INFO  o.s.b.t.context.SpringBootTestContextBootstrapper -Using TestExecutionListeners: [org.springframework.test.context.web.ServletTestExecutionListener@65d6b83b, org.springframework.test.context.support.DirtiesContextBeforeModesTestExecutionListener@d706f19, org.springframework.boot.test.autoconfigure.SpringBootDependencyInjectionTestExecutionListener@30b7c004, org.springframework.test.context.support.DirtiesContextTestExecutionListener@79efed2d, org.springframework.test.context.transaction.TransactionalTestExecutionListener@2928854b, org.springframework.test.context.jdbc.SqlScriptsTestExecutionListener@27ae2fd0, org.springframework.boot.test.mock.mockito.ResetMocksTestExecutionListener@29176cc1, org.springframework.boot.test.mock.mockito.MockitoTestExecutionListener@2f177a4b, org.springframework.boot.test.autoconfigure.web.servlet.MockMvcPrintOnlyOnFailureTestExecutionListener@4278a03f, org.springframework.boot.test.autoconfigure.web.client.MockRestServiceServerResetTestExecutionListener@147ed70f, org.springframework.boot.test.autoconfigure.restdocs.RestDocsTestExecutionListener@61dd025, org.springframework.boot.test.autoconfigure.web.servlet.WebDriverTestExecutionListener@124c278f]
2018-05-13 21:03:45.750 [main] INFO  com.rabbit.smart.RedisTest -Starting RedisTest on DESKTOP-NCAUIPH with PID 19864 (started by xuzhang in E:\github\2508658887@qq.com\smart\web)
2018-05-13 21:03:45.751 [main] INFO  com.rabbit.smart.RedisTest -No active profile set, falling back to default profiles: default
2018-05-13 21:03:45.806 [main] INFO  o.s.w.context.support.GenericWebApplicationContext -Refreshing org.springframework.web.context.support.GenericWebApplicationContext@74751b3: startup date [Sun May 13 21:03:45 CST 2018]; root of context hierarchy
2018-05-13 21:03:46.290 [background-preinit] INFO  org.hibernate.validator.internal.util.Version -HV000001: Hibernate Validator 5.3.5.Final
2018-05-13 21:03:46.521 [main] INFO  o.s.d.r.config.RepositoryConfigurationDelegate -Multiple Spring Data modules found, entering strict repository configuration mode!
2018-05-13 21:03:47.814 [main] INFO  o.s.w.s.m.m.a.RequestMappingHandlerAdapter -Looking for @ControllerAdvice: org.springframework.web.context.support.GenericWebApplicationContext@74751b3: startup date [Sun May 13 21:03:45 CST 2018]; root of context hierarchy
2018-05-13 21:03:47.873 [main] INFO  o.s.w.s.m.m.a.RequestMappingHandlerMapping -Mapped "{[/hello]}" onto public java.lang.String com.rabbit.smart.controller.HelloWorldController.index()
2018-05-13 21:03:47.875 [main] INFO  o.s.w.s.m.m.a.RequestMappingHandlerMapping -Mapped "{[/error]}" onto public org.springframework.http.ResponseEntity<java.util.Map<java.lang.String, java.lang.Object>> org.springframework.boot.autoconfigure.web.BasicErrorController.error(javax.servlet.http.HttpServletRequest)
2018-05-13 21:03:47.876 [main] INFO  o.s.w.s.m.m.a.RequestMappingHandlerMapping -Mapped "{[/error],produces=[text/html]}" onto public org.springframework.web.servlet.ModelAndView org.springframework.boot.autoconfigure.web.BasicErrorController.errorHtml(javax.servlet.http.HttpServletRequest,javax.servlet.http.HttpServletResponse)
2018-05-13 21:03:47.903 [main] INFO  o.s.web.servlet.handler.SimpleUrlHandlerMapping -Mapped URL path [/webjars/**] onto handler of type [class org.springframework.web.servlet.resource.ResourceHttpRequestHandler]
2018-05-13 21:03:47.904 [main] INFO  o.s.web.servlet.handler.SimpleUrlHandlerMapping -Mapped URL path [/**] onto handler of type [class org.springframework.web.servlet.resource.ResourceHttpRequestHandler]
2018-05-13 21:03:47.936 [main] INFO  o.s.web.servlet.handler.SimpleUrlHandlerMapping -Mapped URL path [/**/favicon.ico] onto handler of type [class org.springframework.web.servlet.resource.ResourceHttpRequestHandler]
2018-05-13 21:03:48.145 [main] INFO  o.s.context.support.DefaultLifecycleProcessor -Starting beans in phase 2147483647
2018-05-13 21:03:48.153 [main] INFO  o.s.s.a.ScheduledAnnotationBeanPostProcessor -No TaskScheduler/ScheduledExecutorService bean found for scheduled processing
2018-05-13 21:03:48.167 [main] INFO  com.rabbit.smart.RedisTest -Started RedisTest in 2.897 seconds (JVM running for 3.817)
2018-05-13 21:03:49.273 [Thread-5] INFO  o.s.w.context.support.GenericWebApplicationContext -Closing org.springframework.web.context.support.GenericWebApplicationContext@74751b3: startup date [Sun May 13 21:03:45 CST 2018]; root of context hierarchy
2018-05-13 21:03:49.278 [Thread-5] INFO  o.s.context.support.DefaultLifecycleProcessor -Stopping beans in phase 2147483647
2018-05-13 21:07:20.209 [main] INFO  o.s.b.t.context.SpringBootTestContextBootstrapper -Neither @ContextConfiguration nor @ContextHierarchy found for test class [com.rabbit.smart.RedisTest], using SpringBootContextLoader
2018-05-13 21:07:20.221 [main] INFO  o.s.test.context.support.AbstractContextLoader -Could not detect default resource locations for test class [com.rabbit.smart.RedisTest]: no resource found for suffixes {-context.xml, Context.groovy}.
2018-05-13 21:07:20.222 [main] INFO  o.s.t.c.support.AnnotationConfigContextLoaderUtils -Could not detect default configuration classes for test class [com.rabbit.smart.RedisTest]: RedisTest does not declare any static, non-private, non-final, nested classes annotated with @Configuration.
2018-05-13 21:07:20.421 [main] INFO  o.s.b.t.context.SpringBootTestContextBootstrapper -Found @SpringBootConfiguration com.rabbit.smart.WebApplication for test class com.rabbit.smart.RedisTest
2018-05-13 21:07:20.429 [main] INFO  o.s.b.t.context.SpringBootTestContextBootstrapper -Loaded default TestExecutionListener class names from location [META-INF/spring.factories]: [org.springframework.boot.test.mock.mockito.MockitoTestExecutionListener, org.springframework.boot.test.mock.mockito.ResetMocksTestExecutionListener, org.springframework.boot.test.autoconfigure.restdocs.RestDocsTestExecutionListener, org.springframework.boot.test.autoconfigure.web.client.MockRestServiceServerResetTestExecutionListener, org.springframework.boot.test.autoconfigure.web.servlet.MockMvcPrintOnlyOnFailureTestExecutionListener, org.springframework.boot.test.autoconfigure.web.servlet.WebDriverTestExecutionListener, org.springframework.test.context.web.ServletTestExecutionListener, org.springframework.test.context.support.DirtiesContextBeforeModesTestExecutionListener, org.springframework.test.context.support.DependencyInjectionTestExecutionListener, org.springframework.test.context.support.DirtiesContextTestExecutionListener, org.springframework.test.context.transaction.TransactionalTestExecutionListener, org.springframework.test.context.jdbc.SqlScriptsTestExecutionListener]
2018-05-13 21:07:20.465 [main] INFO  o.s.b.t.context.SpringBootTestContextBootstrapper -Using TestExecutionListeners: [org.springframework.test.context.web.ServletTestExecutionListener@4470fbd6, org.springframework.test.context.support.DirtiesContextBeforeModesTestExecutionListener@15d49048, org.springframework.boot.test.autoconfigure.SpringBootDependencyInjectionTestExecutionListener@7098b907, org.springframework.test.context.support.DirtiesContextTestExecutionListener@503f91c3, org.springframework.test.context.transaction.TransactionalTestExecutionListener@13526e59, org.springframework.test.context.jdbc.SqlScriptsTestExecutionListener@2235eaab, org.springframework.boot.test.mock.mockito.MockitoTestExecutionListener@17503f6b, org.springframework.boot.test.mock.mockito.ResetMocksTestExecutionListener@3bcd05cb, org.springframework.boot.test.autoconfigure.restdocs.RestDocsTestExecutionListener@3b6d844d, org.springframework.boot.test.autoconfigure.web.servlet.WebDriverTestExecutionListener@36804139, org.springframework.boot.test.autoconfigure.web.servlet.MockMvcPrintOnlyOnFailureTestExecutionListener@20bd8be5, org.springframework.boot.test.autoconfigure.web.client.MockRestServiceServerResetTestExecutionListener@730d2164]
2018-05-13 21:07:20.840 [main] INFO  com.rabbit.smart.RedisTest -Starting RedisTest on DESKTOP-NCAUIPH with PID 20252 (started by xuzhang in E:\github\2508658887@qq.com\smart\web)
2018-05-13 21:07:20.841 [main] INFO  com.rabbit.smart.RedisTest -No active profile set, falling back to default profiles: default
2018-05-13 21:07:20.880 [main] INFO  o.s.w.context.support.GenericWebApplicationContext -Refreshing org.springframework.web.context.support.GenericWebApplicationContext@3c9bfddc: startup date [Sun May 13 21:07:20 CST 2018]; root of context hierarchy
2018-05-13 21:07:21.263 [background-preinit] INFO  org.hibernate.validator.internal.util.Version -HV000001: Hibernate Validator 5.3.5.Final
2018-05-13 21:07:21.671 [main] INFO  o.s.d.r.config.RepositoryConfigurationDelegate -Multiple Spring Data modules found, entering strict repository configuration mode!
2018-05-13 21:07:23.032 [main] INFO  o.s.w.s.m.m.a.RequestMappingHandlerAdapter -Looking for @ControllerAdvice: org.springframework.web.context.support.GenericWebApplicationContext@3c9bfddc: startup date [Sun May 13 21:07:20 CST 2018]; root of context hierarchy
2018-05-13 21:07:23.115 [main] INFO  o.s.w.s.m.m.a.RequestMappingHandlerMapping -Mapped "{[/hello]}" onto public java.lang.String com.rabbit.smart.controller.HelloWorldController.index()
2018-05-13 21:07:23.117 [main] INFO  o.s.w.s.m.m.a.RequestMappingHandlerMapping -Mapped "{[/error]}" onto public org.springframework.http.ResponseEntity<java.util.Map<java.lang.String, java.lang.Object>> org.springframework.boot.autoconfigure.web.BasicErrorController.error(javax.servlet.http.HttpServletRequest)
2018-05-13 21:07:23.118 [main] INFO  o.s.w.s.m.m.a.RequestMappingHandlerMapping -Mapped "{[/error],produces=[text/html]}" onto public org.springframework.web.servlet.ModelAndView org.springframework.boot.autoconfigure.web.BasicErrorController.errorHtml(javax.servlet.http.HttpServletRequest,javax.servlet.http.HttpServletResponse)
2018-05-13 21:07:23.158 [main] INFO  o.s.web.servlet.handler.SimpleUrlHandlerMapping -Mapped URL path [/webjars/**] onto handler of type [class org.springframework.web.servlet.resource.ResourceHttpRequestHandler]
2018-05-13 21:07:23.158 [main] INFO  o.s.web.servlet.handler.SimpleUrlHandlerMapping -Mapped URL path [/**] onto handler of type [class org.springframework.web.servlet.resource.ResourceHttpRequestHandler]
2018-05-13 21:07:23.214 [main] INFO  o.s.web.servlet.handler.SimpleUrlHandlerMapping -Mapped URL path [/**/favicon.ico] onto handler of type [class org.springframework.web.servlet.resource.ResourceHttpRequestHandler]
2018-05-13 21:07:23.614 [main] INFO  o.s.context.support.DefaultLifecycleProcessor -Starting beans in phase 2147483647
2018-05-13 21:07:23.626 [main] INFO  o.s.s.a.ScheduledAnnotationBeanPostProcessor -No TaskScheduler/ScheduledExecutorService bean found for scheduled processing
2018-05-13 21:07:23.643 [main] INFO  com.rabbit.smart.RedisTest -Started RedisTest in 3.065 seconds (JVM running for 4.605)
2018-05-13 21:07:33.458 [Thread-5] INFO  o.s.w.context.support.GenericWebApplicationContext -Closing org.springframework.web.context.support.GenericWebApplicationContext@3c9bfddc: startup date [Sun May 13 21:07:20 CST 2018]; root of context hierarchy
2018-05-13 21:07:33.463 [Thread-5] INFO  o.s.context.support.DefaultLifecycleProcessor -Stopping beans in phase 2147483647
2018-05-13 21:08:47.637 [main] INFO  o.s.b.t.context.SpringBootTestContextBootstrapper -Neither @ContextConfiguration nor @ContextHierarchy found for test class [com.rabbit.smart.RedisTest], using SpringBootContextLoader
2018-05-13 21:08:47.644 [main] INFO  o.s.test.context.support.AbstractContextLoader -Could not detect default resource locations for test class [com.rabbit.smart.RedisTest]: no resource found for suffixes {-context.xml, Context.groovy}.
2018-05-13 21:08:47.645 [main] INFO  o.s.t.c.support.AnnotationConfigContextLoaderUtils -Could not detect default configuration classes for test class [com.rabbit.smart.RedisTest]: RedisTest does not declare any static, non-private, non-final, nested classes annotated with @Configuration.
2018-05-13 21:08:47.818 [main] INFO  o.s.b.t.context.SpringBootTestContextBootstrapper -Found @SpringBootConfiguration com.rabbit.smart.WebApplication for test class com.rabbit.smart.RedisTest
2018-05-13 21:08:47.836 [main] INFO  o.s.b.t.context.SpringBootTestContextBootstrapper -Loaded default TestExecutionListener class names from location [META-INF/spring.factories]: [org.springframework.boot.test.mock.mockito.MockitoTestExecutionListener, org.springframework.boot.test.mock.mockito.ResetMocksTestExecutionListener, org.springframework.boot.test.autoconfigure.restdocs.RestDocsTestExecutionListener, org.springframework.boot.test.autoconfigure.web.client.MockRestServiceServerResetTestExecutionListener, org.springframework.boot.test.autoconfigure.web.servlet.MockMvcPrintOnlyOnFailureTestExecutionListener, org.springframework.boot.test.autoconfigure.web.servlet.WebDriverTestExecutionListener, org.springframework.test.context.web.ServletTestExecutionListener, org.springframework.test.context.support.DirtiesContextBeforeModesTestExecutionListener, org.springframework.test.context.support.DependencyInjectionTestExecutionListener, org.springframework.test.context.support.DirtiesContextTestExecutionListener, org.springframework.test.context.transaction.TransactionalTestExecutionListener, org.springframework.test.context.jdbc.SqlScriptsTestExecutionListener]
2018-05-13 21:08:47.863 [main] INFO  o.s.b.t.context.SpringBootTestContextBootstrapper -Using TestExecutionListeners: [org.springframework.test.context.web.ServletTestExecutionListener@4470fbd6, org.springframework.test.context.support.DirtiesContextBeforeModesTestExecutionListener@15d49048, org.springframework.boot.test.autoconfigure.SpringBootDependencyInjectionTestExecutionListener@7098b907, org.springframework.test.context.support.DirtiesContextTestExecutionListener@503f91c3, org.springframework.test.context.transaction.TransactionalTestExecutionListener@13526e59, org.springframework.test.context.jdbc.SqlScriptsTestExecutionListener@2235eaab, org.springframework.boot.test.mock.mockito.MockitoTestExecutionListener@17503f6b, org.springframework.boot.test.mock.mockito.ResetMocksTestExecutionListener@3bcd05cb, org.springframework.boot.test.autoconfigure.restdocs.RestDocsTestExecutionListener@3b6d844d, org.springframework.boot.test.autoconfigure.web.servlet.WebDriverTestExecutionListener@36804139, org.springframework.boot.test.autoconfigure.web.servlet.MockMvcPrintOnlyOnFailureTestExecutionListener@20bd8be5, org.springframework.boot.test.autoconfigure.web.client.MockRestServiceServerResetTestExecutionListener@730d2164]
2018-05-13 21:08:48.552 [main] INFO  com.rabbit.smart.RedisTest -Starting RedisTest on DESKTOP-NCAUIPH with PID 20556 (started by xuzhang in E:\github\2508658887@qq.com\smart\web)
2018-05-13 21:08:48.552 [main] INFO  com.rabbit.smart.RedisTest -No active profile set, falling back to default profiles: default
2018-05-13 21:08:48.602 [main] INFO  o.s.w.context.support.GenericWebApplicationContext -Refreshing org.springframework.web.context.support.GenericWebApplicationContext@13cf7d52: startup date [Sun May 13 21:08:48 CST 2018]; root of context hierarchy
2018-05-13 21:08:49.227 [background-preinit] INFO  org.hibernate.validator.internal.util.Version -HV000001: Hibernate Validator 5.3.5.Final
2018-05-13 21:08:49.630 [main] INFO  o.s.d.r.config.RepositoryConfigurationDelegate -Multiple Spring Data modules found, entering strict repository configuration mode!
2018-05-13 21:08:51.089 [main] INFO  o.s.w.s.m.m.a.RequestMappingHandlerAdapter -Looking for @ControllerAdvice: org.springframework.web.context.support.GenericWebApplicationContext@13cf7d52: startup date [Sun May 13 21:08:48 CST 2018]; root of context hierarchy
2018-05-13 21:08:51.164 [main] INFO  o.s.w.s.m.m.a.RequestMappingHandlerMapping -Mapped "{[/hello]}" onto public java.lang.String com.rabbit.smart.controller.HelloWorldController.index()
2018-05-13 21:08:51.168 [main] INFO  o.s.w.s.m.m.a.RequestMappingHandlerMapping -Mapped "{[/error]}" onto public org.springframework.http.ResponseEntity<java.util.Map<java.lang.String, java.lang.Object>> org.springframework.boot.autoconfigure.web.BasicErrorController.error(javax.servlet.http.HttpServletRequest)
2018-05-13 21:08:51.168 [main] INFO  o.s.w.s.m.m.a.RequestMappingHandlerMapping -Mapped "{[/error],produces=[text/html]}" onto public org.springframework.web.servlet.ModelAndView org.springframework.boot.autoconfigure.web.BasicErrorController.errorHtml(javax.servlet.http.HttpServletRequest,javax.servlet.http.HttpServletResponse)
2018-05-13 21:08:51.206 [main] INFO  o.s.web.servlet.handler.SimpleUrlHandlerMapping -Mapped URL path [/webjars/**] onto handler of type [class org.springframework.web.servlet.resource.ResourceHttpRequestHandler]
2018-05-13 21:08:51.206 [main] INFO  o.s.web.servlet.handler.SimpleUrlHandlerMapping -Mapped URL path [/**] onto handler of type [class org.springframework.web.servlet.resource.ResourceHttpRequestHandler]
2018-05-13 21:08:51.252 [main] INFO  o.s.web.servlet.handler.SimpleUrlHandlerMapping -Mapped URL path [/**/favicon.ico] onto handler of type [class org.springframework.web.servlet.resource.ResourceHttpRequestHandler]
2018-05-13 21:08:51.623 [main] INFO  o.s.context.support.DefaultLifecycleProcessor -Starting beans in phase 2147483647
2018-05-13 21:08:51.636 [main] INFO  o.s.s.a.ScheduledAnnotationBeanPostProcessor -No TaskScheduler/ScheduledExecutorService bean found for scheduled processing
2018-05-13 21:08:51.654 [main] INFO  com.rabbit.smart.RedisTest -Started RedisTest in 3.604 seconds (JVM running for 4.759)
2018-05-13 21:09:02.091 [Thread-5] INFO  o.s.w.context.support.GenericWebApplicationContext -Closing org.springframework.web.context.support.GenericWebApplicationContext@13cf7d52: startup date [Sun May 13 21:08:48 CST 2018]; root of context hierarchy
2018-05-13 21:09:02.093 [Thread-5] INFO  o.s.context.support.DefaultLifecycleProcessor -Stopping beans in phase 2147483647
2018-05-13 21:10:15.201 [main] INFO  o.s.b.t.context.SpringBootTestContextBootstrapper -Neither @ContextConfiguration nor @ContextHierarchy found for test class [com.rabbit.smart.RedisTest], using SpringBootContextLoader
2018-05-13 21:10:15.207 [main] INFO  o.s.test.context.support.AbstractContextLoader -Could not detect default resource locations for test class [com.rabbit.smart.RedisTest]: no resource found for suffixes {-context.xml, Context.groovy}.
2018-05-13 21:10:15.208 [main] INFO  o.s.t.c.support.AnnotationConfigContextLoaderUtils -Could not detect default configuration classes for test class [com.rabbit.smart.RedisTest]: RedisTest does not declare any static, non-private, non-final, nested classes annotated with @Configuration.
2018-05-13 21:10:15.308 [main] INFO  o.s.b.t.context.SpringBootTestContextBootstrapper -Found @SpringBootConfiguration com.rabbit.smart.WebApplication for test class com.rabbit.smart.RedisTest
2018-05-13 21:10:15.315 [main] INFO  o.s.b.t.context.SpringBootTestContextBootstrapper -Loaded default TestExecutionListener class names from location [META-INF/spring.factories]: [org.springframework.boot.test.mock.mockito.MockitoTestExecutionListener, org.springframework.boot.test.mock.mockito.ResetMocksTestExecutionListener, org.springframework.boot.test.autoconfigure.restdocs.RestDocsTestExecutionListener, org.springframework.boot.test.autoconfigure.web.client.MockRestServiceServerResetTestExecutionListener, org.springframework.boot.test.autoconfigure.web.servlet.MockMvcPrintOnlyOnFailureTestExecutionListener, org.springframework.boot.test.autoconfigure.web.servlet.WebDriverTestExecutionListener, org.springframework.test.context.web.ServletTestExecutionListener, org.springframework.test.context.support.DirtiesContextBeforeModesTestExecutionListener, org.springframework.test.context.support.DependencyInjectionTestExecutionListener, org.springframework.test.context.support.DirtiesContextTestExecutionListener, org.springframework.test.context.transaction.TransactionalTestExecutionListener, org.springframework.test.context.jdbc.SqlScriptsTestExecutionListener]
2018-05-13 21:10:15.342 [main] INFO  o.s.b.t.context.SpringBootTestContextBootstrapper -Using TestExecutionListeners: [org.springframework.test.context.web.ServletTestExecutionListener@7219ec67, org.springframework.test.context.support.DirtiesContextBeforeModesTestExecutionListener@45018215, org.springframework.boot.test.autoconfigure.SpringBootDependencyInjectionTestExecutionListener@65d6b83b, org.springframework.test.context.support.DirtiesContextTestExecutionListener@d706f19, org.springframework.test.context.transaction.TransactionalTestExecutionListener@30b7c004, org.springframework.test.context.jdbc.SqlScriptsTestExecutionListener@79efed2d, org.springframework.boot.test.mock.mockito.MockitoTestExecutionListener@2928854b, org.springframework.boot.test.autoconfigure.web.client.MockRestServiceServerResetTestExecutionListener@27ae2fd0, org.springframework.boot.test.autoconfigure.web.servlet.MockMvcPrintOnlyOnFailureTestExecutionListener@29176cc1, org.springframework.boot.test.autoconfigure.web.servlet.WebDriverTestExecutionListener@2f177a4b, org.springframework.boot.test.autoconfigure.restdocs.RestDocsTestExecutionListener@4278a03f, org.springframework.boot.test.mock.mockito.ResetMocksTestExecutionListener@147ed70f]
2018-05-13 21:10:15.906 [main] INFO  com.rabbit.smart.RedisTest -Starting RedisTest on DESKTOP-NCAUIPH with PID 11816 (started by xuzhang in E:\github\2508658887@qq.com\smart\web)
2018-05-13 21:10:15.908 [main] INFO  com.rabbit.smart.RedisTest -No active profile set, falling back to default profiles: default
2018-05-13 21:10:15.948 [main] INFO  o.s.w.context.support.GenericWebApplicationContext -Refreshing org.springframework.web.context.support.GenericWebApplicationContext@5ba3f27a: startup date [Sun May 13 21:10:15 CST 2018]; root of context hierarchy
2018-05-13 21:10:16.478 [background-preinit] INFO  org.hibernate.validator.internal.util.Version -HV000001: Hibernate Validator 5.3.5.Final
2018-05-13 21:10:16.747 [main] INFO  o.s.d.r.config.RepositoryConfigurationDelegate -Multiple Spring Data modules found, entering strict repository configuration mode!
2018-05-13 21:10:17.912 [main] INFO  o.s.w.s.m.m.a.RequestMappingHandlerAdapter -Looking for @ControllerAdvice: org.springframework.web.context.support.GenericWebApplicationContext@5ba3f27a: startup date [Sun May 13 21:10:15 CST 2018]; root of context hierarchy
2018-05-13 21:10:17.970 [main] INFO  o.s.w.s.m.m.a.RequestMappingHandlerMapping -Mapped "{[/hello]}" onto public java.lang.String com.rabbit.smart.controller.HelloWorldController.index()
2018-05-13 21:10:17.973 [main] INFO  o.s.w.s.m.m.a.RequestMappingHandlerMapping -Mapped "{[/error]}" onto public org.springframework.http.ResponseEntity<java.util.Map<java.lang.String, java.lang.Object>> org.springframework.boot.autoconfigure.web.BasicErrorController.error(javax.servlet.http.HttpServletRequest)
2018-05-13 21:10:17.973 [main] INFO  o.s.w.s.m.m.a.RequestMappingHandlerMapping -Mapped "{[/error],produces=[text/html]}" onto public org.springframework.web.servlet.ModelAndView org.springframework.boot.autoconfigure.web.BasicErrorController.errorHtml(javax.servlet.http.HttpServletRequest,javax.servlet.http.HttpServletResponse)
2018-05-13 21:10:18.001 [main] INFO  o.s.web.servlet.handler.SimpleUrlHandlerMapping -Mapped URL path [/webjars/**] onto handler of type [class org.springframework.web.servlet.resource.ResourceHttpRequestHandler]
2018-05-13 21:10:18.001 [main] INFO  o.s.web.servlet.handler.SimpleUrlHandlerMapping -Mapped URL path [/**] onto handler of type [class org.springframework.web.servlet.resource.ResourceHttpRequestHandler]
2018-05-13 21:10:18.033 [main] INFO  o.s.web.servlet.handler.SimpleUrlHandlerMapping -Mapped URL path [/**/favicon.ico] onto handler of type [class org.springframework.web.servlet.resource.ResourceHttpRequestHandler]
2018-05-13 21:10:18.251 [main] INFO  o.s.context.support.DefaultLifecycleProcessor -Starting beans in phase 2147483647
2018-05-13 21:10:18.260 [main] INFO  o.s.s.a.ScheduledAnnotationBeanPostProcessor -No TaskScheduler/ScheduledExecutorService bean found for scheduled processing
2018-05-13 21:10:18.273 [main] INFO  com.rabbit.smart.RedisTest -Started RedisTest in 2.795 seconds (JVM running for 3.694)
2018-05-13 21:10:18.421 [Thread-5] INFO  o.s.w.context.support.GenericWebApplicationContext -Closing org.springframework.web.context.support.GenericWebApplicationContext@5ba3f27a: startup date [Sun May 13 21:10:15 CST 2018]; root of context hierarchy
2018-05-13 21:10:18.423 [Thread-5] INFO  o.s.context.support.DefaultLifecycleProcessor -Stopping beans in phase 2147483647
2018-05-13 21:11:10.875 [main] INFO  o.s.b.t.context.SpringBootTestContextBootstrapper -Neither @ContextConfiguration nor @ContextHierarchy found for test class [com.rabbit.smart.RedisTest], using SpringBootContextLoader
2018-05-13 21:11:10.880 [main] INFO  o.s.test.context.support.AbstractContextLoader -Could not detect default resource locations for test class [com.rabbit.smart.RedisTest]: no resource found for suffixes {-context.xml, Context.groovy}.
2018-05-13 21:11:10.881 [main] INFO  o.s.t.c.support.AnnotationConfigContextLoaderUtils -Could not detect default configuration classes for test class [com.rabbit.smart.RedisTest]: RedisTest does not declare any static, non-private, non-final, nested classes annotated with @Configuration.
2018-05-13 21:11:10.984 [main] INFO  o.s.b.t.context.SpringBootTestContextBootstrapper -Found @SpringBootConfiguration com.rabbit.smart.WebApplication for test class com.rabbit.smart.RedisTest
2018-05-13 21:11:10.991 [main] INFO  o.s.b.t.context.SpringBootTestContextBootstrapper -Loaded default TestExecutionListener class names from location [META-INF/spring.factories]: [org.springframework.boot.test.mock.mockito.MockitoTestExecutionListener, org.springframework.boot.test.mock.mockito.ResetMocksTestExecutionListener, org.springframework.boot.test.autoconfigure.restdocs.RestDocsTestExecutionListener, org.springframework.boot.test.autoconfigure.web.client.MockRestServiceServerResetTestExecutionListener, org.springframework.boot.test.autoconfigure.web.servlet.MockMvcPrintOnlyOnFailureTestExecutionListener, org.springframework.boot.test.autoconfigure.web.servlet.WebDriverTestExecutionListener, org.springframework.test.context.web.ServletTestExecutionListener, org.springframework.test.context.support.DirtiesContextBeforeModesTestExecutionListener, org.springframework.test.context.support.DependencyInjectionTestExecutionListener, org.springframework.test.context.support.DirtiesContextTestExecutionListener, org.springframework.test.context.transaction.TransactionalTestExecutionListener, org.springframework.test.context.jdbc.SqlScriptsTestExecutionListener]
2018-05-13 21:11:11.024 [main] INFO  o.s.b.t.context.SpringBootTestContextBootstrapper -Using TestExecutionListeners: [org.springframework.test.context.web.ServletTestExecutionListener@38c5cc4c, org.springframework.test.context.support.DirtiesContextBeforeModesTestExecutionListener@37918c79, org.springframework.boot.test.autoconfigure.SpringBootDependencyInjectionTestExecutionListener@78e94dcf, org.springframework.test.context.support.DirtiesContextTestExecutionListener@233fe9b6, org.springframework.test.context.transaction.TransactionalTestExecutionListener@358ee631, org.springframework.test.context.jdbc.SqlScriptsTestExecutionListener@ec756bd, org.springframework.boot.test.mock.mockito.ResetMocksTestExecutionListener@3c72f59f, org.springframework.boot.test.autoconfigure.web.client.MockRestServiceServerResetTestExecutionListener@60dcc9fe, org.springframework.boot.test.autoconfigure.web.servlet.MockMvcPrintOnlyOnFailureTestExecutionListener@222114ba, org.springframework.boot.test.mock.mockito.MockitoTestExecutionListener@16e7dcfd, org.springframework.boot.test.autoconfigure.restdocs.RestDocsTestExecutionListener@3d121db3, org.springframework.boot.test.autoconfigure.web.servlet.WebDriverTestExecutionListener@3b07a0d6]
2018-05-13 21:11:11.615 [main] INFO  com.rabbit.smart.RedisTest -Starting RedisTest on DESKTOP-NCAUIPH with PID 16284 (started by xuzhang in E:\github\2508658887@qq.com\smart\web)
2018-05-13 21:11:11.621 [main] INFO  com.rabbit.smart.RedisTest -No active profile set, falling back to default profiles: default
2018-05-13 21:11:11.663 [main] INFO  o.s.w.context.support.GenericWebApplicationContext -Refreshing org.springframework.web.context.support.GenericWebApplicationContext@4738a206: startup date [Sun May 13 21:11:11 CST 2018]; root of context hierarchy
2018-05-13 21:11:12.187 [background-preinit] INFO  org.hibernate.validator.internal.util.Version -HV000001: Hibernate Validator 5.3.5.Final
2018-05-13 21:11:12.458 [main] INFO  o.s.d.r.config.RepositoryConfigurationDelegate -Multiple Spring Data modules found, entering strict repository configuration mode!
2018-05-13 21:11:13.601 [main] INFO  o.s.w.s.m.m.a.RequestMappingHandlerAdapter -Looking for @ControllerAdvice: org.springframework.web.context.support.GenericWebApplicationContext@4738a206: startup date [Sun May 13 21:11:11 CST 2018]; root of context hierarchy
2018-05-13 21:11:13.661 [main] INFO  o.s.w.s.m.m.a.RequestMappingHandlerMapping -Mapped "{[/hello]}" onto public java.lang.String com.rabbit.smart.controller.HelloWorldController.index()
2018-05-13 21:11:13.664 [main] INFO  o.s.w.s.m.m.a.RequestMappingHandlerMapping -Mapped "{[/error]}" onto public org.springframework.http.ResponseEntity<java.util.Map<java.lang.String, java.lang.Object>> org.springframework.boot.autoconfigure.web.BasicErrorController.error(javax.servlet.http.HttpServletRequest)
2018-05-13 21:11:13.664 [main] INFO  o.s.w.s.m.m.a.RequestMappingHandlerMapping -Mapped "{[/error],produces=[text/html]}" onto public org.springframework.web.servlet.ModelAndView org.springframework.boot.autoconfigure.web.BasicErrorController.errorHtml(javax.servlet.http.HttpServletRequest,javax.servlet.http.HttpServletResponse)
2018-05-13 21:11:13.690 [main] INFO  o.s.web.servlet.handler.SimpleUrlHandlerMapping -Mapped URL path [/webjars/**] onto handler of type [class org.springframework.web.servlet.resource.ResourceHttpRequestHandler]
2018-05-13 21:11:13.691 [main] INFO  o.s.web.servlet.handler.SimpleUrlHandlerMapping -Mapped URL path [/**] onto handler of type [class org.springframework.web.servlet.resource.ResourceHttpRequestHandler]
2018-05-13 21:11:13.723 [main] INFO  o.s.web.servlet.handler.SimpleUrlHandlerMapping -Mapped URL path [/**/favicon.ico] onto handler of type [class org.springframework.web.servlet.resource.ResourceHttpRequestHandler]
2018-05-13 21:11:13.939 [main] INFO  o.s.context.support.DefaultLifecycleProcessor -Starting beans in phase 2147483647
2018-05-13 21:11:13.948 [main] INFO  o.s.s.a.ScheduledAnnotationBeanPostProcessor -No TaskScheduler/ScheduledExecutorService bean found for scheduled processing
2018-05-13 21:11:13.961 [main] INFO  com.rabbit.smart.RedisTest -Started RedisTest in 2.818 seconds (JVM running for 3.716)
2018-05-13 21:11:14.103 [Thread-5] INFO  o.s.w.context.support.GenericWebApplicationContext -Closing org.springframework.web.context.support.GenericWebApplicationContext@4738a206: startup date [Sun May 13 21:11:11 CST 2018]; root of context hierarchy
2018-05-13 21:11:14.105 [Thread-5] INFO  o.s.context.support.DefaultLifecycleProcessor -Stopping beans in phase 2147483647
2018-05-13 21:11:25.886 [main] INFO  o.s.b.t.context.SpringBootTestContextBootstrapper -Neither @ContextConfiguration nor @ContextHierarchy found for test class [com.rabbit.smart.RedisTest], using SpringBootContextLoader
2018-05-13 21:11:25.892 [main] INFO  o.s.test.context.support.AbstractContextLoader -Could not detect default resource locations for test class [com.rabbit.smart.RedisTest]: no resource found for suffixes {-context.xml, Context.groovy}.
2018-05-13 21:11:25.893 [main] INFO  o.s.t.c.support.AnnotationConfigContextLoaderUtils -Could not detect default configuration classes for test class [com.rabbit.smart.RedisTest]: RedisTest does not declare any static, non-private, non-final, nested classes annotated with @Configuration.
2018-05-13 21:11:25.994 [main] INFO  o.s.b.t.context.SpringBootTestContextBootstrapper -Found @SpringBootConfiguration com.rabbit.smart.WebApplication for test class com.rabbit.smart.RedisTest
2018-05-13 21:11:26.001 [main] INFO  o.s.b.t.context.SpringBootTestContextBootstrapper -Loaded default TestExecutionListener class names from location [META-INF/spring.factories]: [org.springframework.boot.test.mock.mockito.MockitoTestExecutionListener, org.springframework.boot.test.mock.mockito.ResetMocksTestExecutionListener, org.springframework.boot.test.autoconfigure.restdocs.RestDocsTestExecutionListener, org.springframework.boot.test.autoconfigure.web.client.MockRestServiceServerResetTestExecutionListener, org.springframework.boot.test.autoconfigure.web.servlet.MockMvcPrintOnlyOnFailureTestExecutionListener, org.springframework.boot.test.autoconfigure.web.servlet.WebDriverTestExecutionListener, org.springframework.test.context.web.ServletTestExecutionListener, org.springframework.test.context.support.DirtiesContextBeforeModesTestExecutionListener, org.springframework.test.context.support.DependencyInjectionTestExecutionListener, org.springframework.test.context.support.DirtiesContextTestExecutionListener, org.springframework.test.context.transaction.TransactionalTestExecutionListener, org.springframework.test.context.jdbc.SqlScriptsTestExecutionListener]
2018-05-13 21:11:26.027 [main] INFO  o.s.b.t.context.SpringBootTestContextBootstrapper -Using TestExecutionListeners: [org.springframework.test.context.web.ServletTestExecutionListener@38c5cc4c, org.springframework.test.context.support.DirtiesContextBeforeModesTestExecutionListener@37918c79, org.springframework.boot.test.autoconfigure.SpringBootDependencyInjectionTestExecutionListener@78e94dcf, org.springframework.test.context.support.DirtiesContextTestExecutionListener@233fe9b6, org.springframework.test.context.transaction.TransactionalTestExecutionListener@358ee631, org.springframework.test.context.jdbc.SqlScriptsTestExecutionListener@ec756bd, org.springframework.boot.test.mock.mockito.ResetMocksTestExecutionListener@3c72f59f, org.springframework.boot.test.autoconfigure.web.client.MockRestServiceServerResetTestExecutionListener@60dcc9fe, org.springframework.boot.test.autoconfigure.web.servlet.MockMvcPrintOnlyOnFailureTestExecutionListener@222114ba, org.springframework.boot.test.mock.mockito.MockitoTestExecutionListener@16e7dcfd, org.springframework.boot.test.autoconfigure.restdocs.RestDocsTestExecutionListener@3d121db3, org.springframework.boot.test.autoconfigure.web.servlet.WebDriverTestExecutionListener@3b07a0d6]
2018-05-13 21:11:26.717 [main] INFO  com.rabbit.smart.RedisTest -Starting RedisTest on DESKTOP-NCAUIPH with PID 20132 (started by xuzhang in E:\github\2508658887@qq.com\smart\web)
2018-05-13 21:11:26.717 [main] INFO  com.rabbit.smart.RedisTest -No active profile set, falling back to default profiles: default
2018-05-13 21:11:26.774 [main] INFO  o.s.w.context.support.GenericWebApplicationContext -Refreshing org.springframework.web.context.support.GenericWebApplicationContext@4738a206: startup date [Sun May 13 21:11:26 CST 2018]; root of context hierarchy
2018-05-13 21:11:27.181 [background-preinit] INFO  org.hibernate.validator.internal.util.Version -HV000001: Hibernate Validator 5.3.5.Final
2018-05-13 21:11:27.539 [main] INFO  o.s.d.r.config.RepositoryConfigurationDelegate -Multiple Spring Data modules found, entering strict repository configuration mode!
2018-05-13 21:11:28.795 [main] INFO  o.s.w.s.m.m.a.RequestMappingHandlerAdapter -Looking for @ControllerAdvice: org.springframework.web.context.support.GenericWebApplicationContext@4738a206: startup date [Sun May 13 21:11:26 CST 2018]; root of context hierarchy
2018-05-13 21:11:28.856 [main] INFO  o.s.w.s.m.m.a.RequestMappingHandlerMapping -Mapped "{[/hello]}" onto public java.lang.String com.rabbit.smart.controller.HelloWorldController.index()
2018-05-13 21:11:28.858 [main] INFO  o.s.w.s.m.m.a.RequestMappingHandlerMapping -Mapped "{[/error]}" onto public org.springframework.http.ResponseEntity<java.util.Map<java.lang.String, java.lang.Object>> org.springframework.boot.autoconfigure.web.BasicErrorController.error(javax.servlet.http.HttpServletRequest)
2018-05-13 21:11:28.858 [main] INFO  o.s.w.s.m.m.a.RequestMappingHandlerMapping -Mapped "{[/error],produces=[text/html]}" onto public org.springframework.web.servlet.ModelAndView org.springframework.boot.autoconfigure.web.BasicErrorController.errorHtml(javax.servlet.http.HttpServletRequest,javax.servlet.http.HttpServletResponse)
2018-05-13 21:11:28.887 [main] INFO  o.s.web.servlet.handler.SimpleUrlHandlerMapping -Mapped URL path [/webjars/**] onto handler of type [class org.springframework.web.servlet.resource.ResourceHttpRequestHandler]
2018-05-13 21:11:28.887 [main] INFO  o.s.web.servlet.handler.SimpleUrlHandlerMapping -Mapped URL path [/**] onto handler of type [class org.springframework.web.servlet.resource.ResourceHttpRequestHandler]
2018-05-13 21:11:28.919 [main] INFO  o.s.web.servlet.handler.SimpleUrlHandlerMapping -Mapped URL path [/**/favicon.ico] onto handler of type [class org.springframework.web.servlet.resource.ResourceHttpRequestHandler]
2018-05-13 21:11:29.134 [main] INFO  o.s.context.support.DefaultLifecycleProcessor -Starting beans in phase 2147483647
2018-05-13 21:11:29.142 [main] INFO  o.s.s.a.ScheduledAnnotationBeanPostProcessor -No TaskScheduler/ScheduledExecutorService bean found for scheduled processing
2018-05-13 21:11:29.169 [main] INFO  com.rabbit.smart.RedisTest -Started RedisTest in 3.017 seconds (JVM running for 3.895)
2018-05-13 21:11:29.295 [Thread-5] INFO  o.s.w.context.support.GenericWebApplicationContext -Closing org.springframework.web.context.support.GenericWebApplicationContext@4738a206: startup date [Sun May 13 21:11:26 CST 2018]; root of context hierarchy
2018-05-13 21:11:29.297 [Thread-5] INFO  o.s.context.support.DefaultLifecycleProcessor -Stopping beans in phase 2147483647
2018-05-13 21:27:07.334 [main] INFO  o.s.b.t.context.SpringBootTestContextBootstrapper -Neither @ContextConfiguration nor @ContextHierarchy found for test class [com.rabbit.smart.RedisTest], using SpringBootContextLoader
2018-05-13 21:27:07.346 [main] INFO  o.s.test.context.support.AbstractContextLoader -Could not detect default resource locations for test class [com.rabbit.smart.RedisTest]: no resource found for suffixes {-context.xml, Context.groovy}.
2018-05-13 21:27:07.347 [main] INFO  o.s.t.c.support.AnnotationConfigContextLoaderUtils -Could not detect default configuration classes for test class [com.rabbit.smart.RedisTest]: RedisTest does not declare any static, non-private, non-final, nested classes annotated with @Configuration.
2018-05-13 21:27:07.547 [main] INFO  o.s.b.t.context.SpringBootTestContextBootstrapper -Found @SpringBootConfiguration com.rabbit.smart.WebApplication for test class com.rabbit.smart.RedisTest
2018-05-13 21:27:07.584 [main] INFO  o.s.b.t.context.SpringBootTestContextBootstrapper -Loaded default TestExecutionListener class names from location [META-INF/spring.factories]: [org.springframework.boot.test.mock.mockito.MockitoTestExecutionListener, org.springframework.boot.test.mock.mockito.ResetMocksTestExecutionListener, org.springframework.boot.test.autoconfigure.restdocs.RestDocsTestExecutionListener, org.springframework.boot.test.autoconfigure.web.client.MockRestServiceServerResetTestExecutionListener, org.springframework.boot.test.autoconfigure.web.servlet.MockMvcPrintOnlyOnFailureTestExecutionListener, org.springframework.boot.test.autoconfigure.web.servlet.WebDriverTestExecutionListener, org.springframework.test.context.web.ServletTestExecutionListener, org.springframework.test.context.support.DirtiesContextBeforeModesTestExecutionListener, org.springframework.test.context.support.DependencyInjectionTestExecutionListener, org.springframework.test.context.support.DirtiesContextTestExecutionListener, org.springframework.test.context.transaction.TransactionalTestExecutionListener, org.springframework.test.context.jdbc.SqlScriptsTestExecutionListener]
2018-05-13 21:27:07.611 [main] INFO  o.s.b.t.context.SpringBootTestContextBootstrapper -Using TestExecutionListeners: [org.springframework.test.context.web.ServletTestExecutionListener@1e884ca9, org.springframework.test.context.support.DirtiesContextBeforeModesTestExecutionListener@660fae8, org.springframework.boot.test.autoconfigure.SpringBootDependencyInjectionTestExecutionListener@48f8989d, org.springframework.test.context.support.DirtiesContextTestExecutionListener@38eb90d8, org.springframework.test.context.transaction.TransactionalTestExecutionListener@71727219, org.springframework.test.context.jdbc.SqlScriptsTestExecutionListener@10a1017f, org.springframework.boot.test.autoconfigure.web.client.MockRestServiceServerResetTestExecutionListener@3a694160, org.springframework.boot.test.autoconfigure.web.servlet.WebDriverTestExecutionListener@54432395, org.springframework.boot.test.mock.mockito.MockitoTestExecutionListener@3d5366b, org.springframework.boot.test.autoconfigure.restdocs.RestDocsTestExecutionListener@22e7acc4, org.springframework.boot.test.mock.mockito.ResetMocksTestExecutionListener@17ff89c3, org.springframework.boot.test.autoconfigure.web.servlet.MockMvcPrintOnlyOnFailureTestExecutionListener@9ad6d84]
2018-05-13 21:27:08.109 [main] INFO  com.rabbit.smart.RedisTest -Starting RedisTest on DESKTOP-NCAUIPH with PID 19296 (started by xuzhang in E:\github\2508658887@qq.com\smart\web)
2018-05-13 21:27:08.109 [main] INFO  com.rabbit.smart.RedisTest -No active profile set, falling back to default profiles: default
2018-05-13 21:27:08.144 [main] INFO  o.s.w.context.support.GenericWebApplicationContext -Refreshing org.springframework.web.context.support.GenericWebApplicationContext@65852491: startup date [Sun May 13 21:27:08 CST 2018]; root of context hierarchy
2018-05-13 21:27:08.488 [background-preinit] INFO  org.hibernate.validator.internal.util.Version -HV000001: Hibernate Validator 5.3.5.Final
2018-05-13 21:27:08.851 [main] INFO  o.s.d.r.config.RepositoryConfigurationDelegate -Multiple Spring Data modules found, entering strict repository configuration mode!
2018-05-13 21:27:10.282 [main] INFO  o.s.w.s.m.m.a.RequestMappingHandlerAdapter -Looking for @ControllerAdvice: org.springframework.web.context.support.GenericWebApplicationContext@65852491: startup date [Sun May 13 21:27:08 CST 2018]; root of context hierarchy
2018-05-13 21:27:10.354 [main] INFO  o.s.w.s.m.m.a.RequestMappingHandlerMapping -Mapped "{[/hello]}" onto public java.lang.String com.rabbit.smart.controller.HelloWorldController.index()
2018-05-13 21:27:10.358 [main] INFO  o.s.w.s.m.m.a.RequestMappingHandlerMapping -Mapped "{[/error]}" onto public org.springframework.http.ResponseEntity<java.util.Map<java.lang.String, java.lang.Object>> org.springframework.boot.autoconfigure.web.BasicErrorController.error(javax.servlet.http.HttpServletRequest)
2018-05-13 21:27:10.358 [main] INFO  o.s.w.s.m.m.a.RequestMappingHandlerMapping -Mapped "{[/error],produces=[text/html]}" onto public org.springframework.web.servlet.ModelAndView org.springframework.boot.autoconfigure.web.BasicErrorController.errorHtml(javax.servlet.http.HttpServletRequest,javax.servlet.http.HttpServletResponse)
2018-05-13 21:27:10.400 [main] INFO  o.s.web.servlet.handler.SimpleUrlHandlerMapping -Mapped URL path [/webjars/**] onto handler of type [class org.springframework.web.servlet.resource.ResourceHttpRequestHandler]
2018-05-13 21:27:10.400 [main] INFO  o.s.web.servlet.handler.SimpleUrlHandlerMapping -Mapped URL path [/**] onto handler of type [class org.springframework.web.servlet.resource.ResourceHttpRequestHandler]
2018-05-13 21:27:10.468 [main] INFO  o.s.web.servlet.handler.SimpleUrlHandlerMapping -Mapped URL path [/**/favicon.ico] onto handler of type [class org.springframework.web.servlet.resource.ResourceHttpRequestHandler]
2018-05-13 21:27:10.841 [main] INFO  o.s.context.support.DefaultLifecycleProcessor -Starting beans in phase 2147483647
2018-05-13 21:27:10.884 [main] INFO  o.s.s.a.ScheduledAnnotationBeanPostProcessor -No TaskScheduler/ScheduledExecutorService bean found for scheduled processing
2018-05-13 21:27:10.897 [main] INFO  com.rabbit.smart.RedisTest -Started RedisTest in 3.057 seconds (JVM running for 4.132)
2018-05-13 21:27:10.972 [Thread-5] INFO  o.s.w.context.support.GenericWebApplicationContext -Closing org.springframework.web.context.support.GenericWebApplicationContext@65852491: startup date [Sun May 13 21:27:08 CST 2018]; root of context hierarchy
2018-05-13 21:27:10.974 [Thread-5] INFO  o.s.context.support.DefaultLifecycleProcessor -Stopping beans in phase 2147483647
2018-05-13 21:27:33.748 [main] INFO  o.s.b.t.context.SpringBootTestContextBootstrapper -Neither @ContextConfiguration nor @ContextHierarchy found for test class [com.rabbit.smart.RedisTest], using SpringBootContextLoader
2018-05-13 21:27:33.756 [main] INFO  o.s.test.context.support.AbstractContextLoader -Could not detect default resource locations for test class [com.rabbit.smart.RedisTest]: no resource found for suffixes {-context.xml, Context.groovy}.
2018-05-13 21:27:33.757 [main] INFO  o.s.t.c.support.AnnotationConfigContextLoaderUtils -Could not detect default configuration classes for test class [com.rabbit.smart.RedisTest]: RedisTest does not declare any static, non-private, non-final, nested classes annotated with @Configuration.
2018-05-13 21:27:33.998 [main] INFO  o.s.b.t.context.SpringBootTestContextBootstrapper -Found @SpringBootConfiguration com.rabbit.smart.WebApplication for test class com.rabbit.smart.RedisTest
2018-05-13 21:27:34.010 [main] INFO  o.s.b.t.context.SpringBootTestContextBootstrapper -Loaded default TestExecutionListener class names from location [META-INF/spring.factories]: [org.springframework.boot.test.mock.mockito.MockitoTestExecutionListener, org.springframework.boot.test.mock.mockito.ResetMocksTestExecutionListener, org.springframework.boot.test.autoconfigure.restdocs.RestDocsTestExecutionListener, org.springframework.boot.test.autoconfigure.web.client.MockRestServiceServerResetTestExecutionListener, org.springframework.boot.test.autoconfigure.web.servlet.MockMvcPrintOnlyOnFailureTestExecutionListener, org.springframework.boot.test.autoconfigure.web.servlet.WebDriverTestExecutionListener, org.springframework.test.context.web.ServletTestExecutionListener, org.springframework.test.context.support.DirtiesContextBeforeModesTestExecutionListener, org.springframework.test.context.support.DependencyInjectionTestExecutionListener, org.springframework.test.context.support.DirtiesContextTestExecutionListener, org.springframework.test.context.transaction.TransactionalTestExecutionListener, org.springframework.test.context.jdbc.SqlScriptsTestExecutionListener]
2018-05-13 21:27:34.053 [main] INFO  o.s.b.t.context.SpringBootTestContextBootstrapper -Using TestExecutionListeners: [org.springframework.test.context.web.ServletTestExecutionListener@1e884ca9, org.springframework.test.context.support.DirtiesContextBeforeModesTestExecutionListener@660fae8, org.springframework.boot.test.autoconfigure.SpringBootDependencyInjectionTestExecutionListener@48f8989d, org.springframework.test.context.support.DirtiesContextTestExecutionListener@38eb90d8, org.springframework.test.context.transaction.TransactionalTestExecutionListener@71727219, org.springframework.test.context.jdbc.SqlScriptsTestExecutionListener@10a1017f, org.springframework.boot.test.autoconfigure.web.client.MockRestServiceServerResetTestExecutionListener@3a694160, org.springframework.boot.test.autoconfigure.web.servlet.WebDriverTestExecutionListener@54432395, org.springframework.boot.test.mock.mockito.MockitoTestExecutionListener@3d5366b, org.springframework.boot.test.autoconfigure.restdocs.RestDocsTestExecutionListener@22e7acc4, org.springframework.boot.test.mock.mockito.ResetMocksTestExecutionListener@17ff89c3, org.springframework.boot.test.autoconfigure.web.servlet.MockMvcPrintOnlyOnFailureTestExecutionListener@9ad6d84]
2018-05-13 21:27:34.511 [main] INFO  com.rabbit.smart.RedisTest -Starting RedisTest on DESKTOP-NCAUIPH with PID 22172 (started by xuzhang in E:\github\2508658887@qq.com\smart\web)
2018-05-13 21:27:34.511 [main] INFO  com.rabbit.smart.RedisTest -No active profile set, falling back to default profiles: default
2018-05-13 21:27:34.546 [main] INFO  o.s.w.context.support.GenericWebApplicationContext -Refreshing org.springframework.web.context.support.GenericWebApplicationContext@1f93bc08: startup date [Sun May 13 21:27:34 CST 2018]; root of context hierarchy
2018-05-13 21:27:34.879 [background-preinit] INFO  org.hibernate.validator.internal.util.Version -HV000001: Hibernate Validator 5.3.5.Final
2018-05-13 21:27:35.263 [main] INFO  o.s.d.r.config.RepositoryConfigurationDelegate -Multiple Spring Data modules found, entering strict repository configuration mode!
2018-05-13 21:27:36.740 [main] INFO  o.s.w.s.m.m.a.RequestMappingHandlerAdapter -Looking for @ControllerAdvice: org.springframework.web.context.support.GenericWebApplicationContext@1f93bc08: startup date [Sun May 13 21:27:34 CST 2018]; root of context hierarchy
2018-05-13 21:27:36.812 [main] INFO  o.s.w.s.m.m.a.RequestMappingHandlerMapping -Mapped "{[/hello]}" onto public java.lang.String com.rabbit.smart.controller.HelloWorldController.index()
2018-05-13 21:27:36.815 [main] INFO  o.s.w.s.m.m.a.RequestMappingHandlerMapping -Mapped "{[/error]}" onto public org.springframework.http.ResponseEntity<java.util.Map<java.lang.String, java.lang.Object>> org.springframework.boot.autoconfigure.web.BasicErrorController.error(javax.servlet.http.HttpServletRequest)
2018-05-13 21:27:36.815 [main] INFO  o.s.w.s.m.m.a.RequestMappingHandlerMapping -Mapped "{[/error],produces=[text/html]}" onto public org.springframework.web.servlet.ModelAndView org.springframework.boot.autoconfigure.web.BasicErrorController.errorHtml(javax.servlet.http.HttpServletRequest,javax.servlet.http.HttpServletResponse)
2018-05-13 21:27:36.866 [main] INFO  o.s.web.servlet.handler.SimpleUrlHandlerMapping -Mapped URL path [/webjars/**] onto handler of type [class org.springframework.web.servlet.resource.ResourceHttpRequestHandler]
2018-05-13 21:27:36.866 [main] INFO  o.s.web.servlet.handler.SimpleUrlHandlerMapping -Mapped URL path [/**] onto handler of type [class org.springframework.web.servlet.resource.ResourceHttpRequestHandler]
2018-05-13 21:27:36.910 [main] INFO  o.s.web.servlet.handler.SimpleUrlHandlerMapping -Mapped URL path [/**/favicon.ico] onto handler of type [class org.springframework.web.servlet.resource.ResourceHttpRequestHandler]
2018-05-13 21:27:37.212 [main] INFO  o.s.context.support.DefaultLifecycleProcessor -Starting beans in phase 2147483647
2018-05-13 21:27:37.255 [main] INFO  o.s.s.a.ScheduledAnnotationBeanPostProcessor -No TaskScheduler/ScheduledExecutorService bean found for scheduled processing
2018-05-13 21:27:37.268 [main] INFO  com.rabbit.smart.RedisTest -Started RedisTest in 3.032 seconds (JVM running for 4.189)
2018-05-13 21:27:37.405 [Thread-5] INFO  o.s.w.context.support.GenericWebApplicationContext -Closing org.springframework.web.context.support.GenericWebApplicationContext@1f93bc08: startup date [Sun May 13 21:27:34 CST 2018]; root of context hierarchy
2018-05-13 21:27:37.407 [Thread-5] INFO  o.s.context.support.DefaultLifecycleProcessor -Stopping beans in phase 2147483647
2018-05-13 21:28:44.944 [main] INFO  o.s.b.t.context.SpringBootTestContextBootstrapper -Neither @ContextConfiguration nor @ContextHierarchy found for test class [com.rabbit.smart.RedisTest], using SpringBootContextLoader
2018-05-13 21:28:44.951 [main] INFO  o.s.test.context.support.AbstractContextLoader -Could not detect default resource locations for test class [com.rabbit.smart.RedisTest]: no resource found for suffixes {-context.xml, Context.groovy}.
2018-05-13 21:28:44.952 [main] INFO  o.s.t.c.support.AnnotationConfigContextLoaderUtils -Could not detect default configuration classes for test class [com.rabbit.smart.RedisTest]: RedisTest does not declare any static, non-private, non-final, nested classes annotated with @Configuration.
2018-05-13 21:28:45.194 [main] INFO  o.s.b.t.context.SpringBootTestContextBootstrapper -Found @SpringBootConfiguration com.rabbit.smart.WebApplication for test class com.rabbit.smart.RedisTest
2018-05-13 21:28:45.239 [main] INFO  o.s.b.t.context.SpringBootTestContextBootstrapper -Loaded default TestExecutionListener class names from location [META-INF/spring.factories]: [org.springframework.boot.test.mock.mockito.MockitoTestExecutionListener, org.springframework.boot.test.mock.mockito.ResetMocksTestExecutionListener, org.springframework.boot.test.autoconfigure.restdocs.RestDocsTestExecutionListener, org.springframework.boot.test.autoconfigure.web.client.MockRestServiceServerResetTestExecutionListener, org.springframework.boot.test.autoconfigure.web.servlet.MockMvcPrintOnlyOnFailureTestExecutionListener, org.springframework.boot.test.autoconfigure.web.servlet.WebDriverTestExecutionListener, org.springframework.test.context.web.ServletTestExecutionListener, org.springframework.test.context.support.DirtiesContextBeforeModesTestExecutionListener, org.springframework.test.context.support.DependencyInjectionTestExecutionListener, org.springframework.test.context.support.DirtiesContextTestExecutionListener, org.springframework.test.context.transaction.TransactionalTestExecutionListener, org.springframework.test.context.jdbc.SqlScriptsTestExecutionListener]
2018-05-13 21:28:45.262 [main] INFO  o.s.b.t.context.SpringBootTestContextBootstrapper -Using TestExecutionListeners: [org.springframework.test.context.web.ServletTestExecutionListener@1e5e96c1, org.springframework.test.context.support.DirtiesContextBeforeModesTestExecutionListener@53fb687a, org.springframework.boot.test.autoconfigure.SpringBootDependencyInjectionTestExecutionListener@1e884ca9, org.springframework.test.context.support.DirtiesContextTestExecutionListener@660fae8, org.springframework.test.context.transaction.TransactionalTestExecutionListener@48f8989d, org.springframework.test.context.jdbc.SqlScriptsTestExecutionListener@38eb90d8, org.springframework.boot.test.autoconfigure.web.servlet.WebDriverTestExecutionListener@71727219, org.springframework.boot.test.mock.mockito.MockitoTestExecutionListener@10a1017f, org.springframework.boot.test.autoconfigure.restdocs.RestDocsTestExecutionListener@3a694160, org.springframework.boot.test.mock.mockito.ResetMocksTestExecutionListener@54432395, org.springframework.boot.test.autoconfigure.web.client.MockRestServiceServerResetTestExecutionListener@3d5366b, org.springframework.boot.test.autoconfigure.web.servlet.MockMvcPrintOnlyOnFailureTestExecutionListener@22e7acc4]
2018-05-13 21:28:45.675 [main] INFO  com.rabbit.smart.RedisTest -Starting RedisTest on DESKTOP-NCAUIPH with PID 19052 (started by xuzhang in E:\github\2508658887@qq.com\smart\web)
2018-05-13 21:28:45.675 [main] INFO  com.rabbit.smart.RedisTest -No active profile set, falling back to default profiles: default
2018-05-13 21:28:45.709 [main] INFO  o.s.w.context.support.GenericWebApplicationContext -Refreshing org.springframework.web.context.support.GenericWebApplicationContext@76a9c2c9: startup date [Sun May 13 21:28:45 CST 2018]; root of context hierarchy
2018-05-13 21:28:46.062 [background-preinit] INFO  org.hibernate.validator.internal.util.Version -HV000001: Hibernate Validator 5.3.5.Final
2018-05-13 21:28:46.431 [main] INFO  o.s.d.r.config.RepositoryConfigurationDelegate -Multiple Spring Data modules found, entering strict repository configuration mode!
2018-05-13 21:28:47.963 [main] INFO  o.s.w.s.m.m.a.RequestMappingHandlerAdapter -Looking for @ControllerAdvice: org.springframework.web.context.support.GenericWebApplicationContext@76a9c2c9: startup date [Sun May 13 21:28:45 CST 2018]; root of context hierarchy
2018-05-13 21:28:48.033 [main] INFO  o.s.w.s.m.m.a.RequestMappingHandlerMapping -Mapped "{[/hello]}" onto public java.lang.String com.rabbit.smart.controller.HelloWorldController.index()
2018-05-13 21:28:48.036 [main] INFO  o.s.w.s.m.m.a.RequestMappingHandlerMapping -Mapped "{[/error]}" onto public org.springframework.http.ResponseEntity<java.util.Map<java.lang.String, java.lang.Object>> org.springframework.boot.autoconfigure.web.BasicErrorController.error(javax.servlet.http.HttpServletRequest)
2018-05-13 21:28:48.036 [main] INFO  o.s.w.s.m.m.a.RequestMappingHandlerMapping -Mapped "{[/error],produces=[text/html]}" onto public org.springframework.web.servlet.ModelAndView org.springframework.boot.autoconfigure.web.BasicErrorController.errorHtml(javax.servlet.http.HttpServletRequest,javax.servlet.http.HttpServletResponse)
2018-05-13 21:28:48.084 [main] INFO  o.s.web.servlet.handler.SimpleUrlHandlerMapping -Mapped URL path [/webjars/**] onto handler of type [class org.springframework.web.servlet.resource.ResourceHttpRequestHandler]
2018-05-13 21:28:48.084 [main] INFO  o.s.web.servlet.handler.SimpleUrlHandlerMapping -Mapped URL path [/**] onto handler of type [class org.springframework.web.servlet.resource.ResourceHttpRequestHandler]
2018-05-13 21:28:48.128 [main] INFO  o.s.web.servlet.handler.SimpleUrlHandlerMapping -Mapped URL path [/**/favicon.ico] onto handler of type [class org.springframework.web.servlet.resource.ResourceHttpRequestHandler]
2018-05-13 21:28:48.431 [main] INFO  o.s.context.support.DefaultLifecycleProcessor -Starting beans in phase 2147483647
2018-05-13 21:28:48.474 [main] INFO  o.s.s.a.ScheduledAnnotationBeanPostProcessor -No TaskScheduler/ScheduledExecutorService bean found for scheduled processing
2018-05-13 21:28:48.488 [main] INFO  com.rabbit.smart.RedisTest -Started RedisTest in 3.065 seconds (JVM running for 4.202)
2018-05-13 21:28:48.626 [Thread-5] INFO  o.s.w.context.support.GenericWebApplicationContext -Closing org.springframework.web.context.support.GenericWebApplicationContext@76a9c2c9: startup date [Sun May 13 21:28:45 CST 2018]; root of context hierarchy
2018-05-13 21:28:48.628 [Thread-5] INFO  o.s.context.support.DefaultLifecycleProcessor -Stopping beans in phase 2147483647
