2018-05-28 13:44:59.043 [main] INFO  o.s.b.t.context.SpringBootTestContextBootstrapper -Neither @ContextConfiguration nor @ContextHierarchy found for test class [com.rabbit.smart.WebTest], using SpringBootContextLoader
2018-05-28 13:44:59.059 [main] INFO  o.s.test.context.support.AbstractContextLoader -Could not detect default resource locations for test class [com.rabbit.smart.WebTest]: no resource found for suffixes {-context.xml, Context.groovy}.
2018-05-28 13:44:59.060 [main] INFO  o.s.t.c.support.AnnotationConfigContextLoaderUtils -Could not detect default configuration classes for test class [com.rabbit.smart.WebTest]: WebTest does not declare any static, non-private, non-final, nested classes annotated with @Configuration.
2018-05-28 13:44:59.250 [main] INFO  o.s.b.t.context.SpringBootTestContextBootstrapper -Found @SpringBootConfiguration com.rabbit.smart.Application for test class com.rabbit.smart.WebTest
2018-05-28 13:44:59.276 [main] INFO  o.s.b.t.context.SpringBootTestContextBootstrapper -Loaded default TestExecutionListener class names from location [META-INF/spring.factories]: [org.springframework.boot.test.mock.mockito.MockitoTestExecutionListener, org.springframework.boot.test.mock.mockito.ResetMocksTestExecutionListener, org.springframework.boot.test.autoconfigure.restdocs.RestDocsTestExecutionListener, org.springframework.boot.test.autoconfigure.web.client.MockRestServiceServerResetTestExecutionListener, org.springframework.boot.test.autoconfigure.web.servlet.MockMvcPrintOnlyOnFailureTestExecutionListener, org.springframework.boot.test.autoconfigure.web.servlet.WebDriverTestExecutionListener, org.springframework.test.context.web.ServletTestExecutionListener, org.springframework.test.context.support.DirtiesContextBeforeModesTestExecutionListener, org.springframework.test.context.support.DependencyInjectionTestExecutionListener, org.springframework.test.context.support.DirtiesContextTestExecutionListener, org.springframework.test.context.transaction.TransactionalTestExecutionListener, org.springframework.test.context.jdbc.SqlScriptsTestExecutionListener]
2018-05-28 13:44:59.301 [main] INFO  o.s.b.t.context.SpringBootTestContextBootstrapper -Using TestExecutionListeners: [org.springframework.test.context.web.ServletTestExecutionListener@e671f1, org.springframework.test.context.support.DirtiesContextBeforeModesTestExecutionListener@194285ad, org.springframework.boot.test.autoconfigure.SpringBootDependencyInjectionTestExecutionListener@5e562dcf, org.springframework.test.context.support.DirtiesContextTestExecutionListener@6bd9a16b, org.springframework.test.context.transaction.TransactionalTestExecutionListener@1cf4af1e, org.springframework.test.context.jdbc.SqlScriptsTestExecutionListener@414e96c, org.springframework.boot.test.autoconfigure.restdocs.RestDocsTestExecutionListener@78e8b38b, org.springframework.boot.test.mock.mockito.MockitoTestExecutionListener@7563a8b0, org.springframework.boot.test.mock.mockito.ResetMocksTestExecutionListener@61d7f705, org.springframework.boot.test.autoconfigure.web.client.MockRestServiceServerResetTestExecutionListener@299a9b72, org.springframework.boot.test.autoconfigure.web.servlet.WebDriverTestExecutionListener@65536eb4, org.springframework.boot.test.autoconfigure.web.servlet.MockMvcPrintOnlyOnFailureTestExecutionListener@48891f64]
2018-05-28 13:44:59.684 [main] INFO  com.rabbit.smart.WebTest -Starting WebTest on DESKTOP-NCAUIPH with PID 16772 (started by xuzhang in E:\github\2508658887@qq.com\smart\web-admin)
2018-05-28 13:44:59.684 [main] INFO  com.rabbit.smart.WebTest -No active profile set, falling back to default profiles: default
2018-05-28 13:44:59.942 [main] INFO  o.s.w.context.support.GenericWebApplicationContext -Refreshing org.springframework.web.context.support.GenericWebApplicationContext@616d58b: startup date [Mon May 28 13:44:59 CST 2018]; root of context hierarchy
2018-05-28 13:45:00.071 [background-preinit] INFO  org.hibernate.validator.internal.util.Version -HV000001: Hibernate Validator 5.3.5.Final
2018-05-28 13:45:03.524 [main] INFO  o.s.w.s.m.m.a.RequestMappingHandlerAdapter -Looking for @ControllerAdvice: org.springframework.web.context.support.GenericWebApplicationContext@616d58b: startup date [Mon May 28 13:44:59 CST 2018]; root of context hierarchy
2018-05-28 13:45:03.652 [main] INFO  o.s.w.s.m.m.a.RequestMappingHandlerMapping -Mapped "{[/cache]}" onto public com.rabbit.smart.core.protocol.Response<java.lang.String> com.rabbit.smart.controller.HomeController.cache()
2018-05-28 13:45:03.653 [main] INFO  o.s.w.s.m.m.a.RequestMappingHandlerMapping -Mapped "{[/index]}" onto public java.lang.String com.rabbit.smart.controller.HomeController.index()
2018-05-28 13:45:03.657 [main] INFO  o.s.w.s.m.m.a.RequestMappingHandlerMapping -Mapped "{[/two]}" onto public com.rabbit.smart.core.protocol.Response<com.alibaba.fastjson.JSONObject> com.rabbit.smart.controller.HomeController.two()
2018-05-28 13:45:03.661 [main] INFO  o.s.w.s.m.m.a.RequestMappingHandlerMapping -Mapped "{[/error]}" onto public org.springframework.http.ResponseEntity<java.util.Map<java.lang.String, java.lang.Object>> org.springframework.boot.autoconfigure.web.BasicErrorController.error(javax.servlet.http.HttpServletRequest)
2018-05-28 13:45:03.661 [main] INFO  o.s.w.s.m.m.a.RequestMappingHandlerMapping -Mapped "{[/error],produces=[text/html]}" onto public org.springframework.web.servlet.ModelAndView org.springframework.boot.autoconfigure.web.BasicErrorController.errorHtml(javax.servlet.http.HttpServletRequest,javax.servlet.http.HttpServletResponse)
2018-05-28 13:45:03.725 [main] INFO  o.s.web.servlet.handler.SimpleUrlHandlerMapping -Mapped URL path [/webjars/**] onto handler of type [class org.springframework.web.servlet.resource.ResourceHttpRequestHandler]
2018-05-28 13:45:03.727 [main] INFO  o.s.web.servlet.handler.SimpleUrlHandlerMapping -Mapped URL path [/**] onto handler of type [class org.springframework.web.servlet.resource.ResourceHttpRequestHandler]
2018-05-28 13:45:03.759 [main] INFO  o.s.w.s.m.m.a.ExceptionHandlerExceptionResolver -Detected @ExceptionHandler methods in handlerException
2018-05-28 13:45:03.811 [main] INFO  o.s.web.servlet.handler.SimpleUrlHandlerMapping -Mapped URL path [/**/favicon.ico] onto handler of type [class org.springframework.web.servlet.resource.ResourceHttpRequestHandler]
2018-05-28 13:45:04.736 [main] INFO  o.s.s.a.ScheduledAnnotationBeanPostProcessor -No TaskScheduler/ScheduledExecutorService bean found for scheduled processing
2018-05-28 13:45:04.742 [pool-1-thread-1] INFO  com.rabbit.smart.task.PrintJob -PrintJob :1
2018-05-28 13:45:04.747 [main] INFO  com.rabbit.smart.WebTest -Started WebTest in 5.34 seconds (JVM running for 6.64)
2018-05-28 13:45:04.809 [main] INFO  o.s.t.w.s.s.StandaloneMockMvcBuilder$StaticRequestMappingHandlerMapping -Mapped "{[/cache]}" onto public com.rabbit.smart.core.protocol.Response<java.lang.String> com.rabbit.smart.controller.HomeController.cache()
2018-05-28 13:45:04.810 [main] INFO  o.s.t.w.s.s.StandaloneMockMvcBuilder$StaticRequestMappingHandlerMapping -Mapped "{[/index]}" onto public java.lang.String com.rabbit.smart.controller.HomeController.index()
2018-05-28 13:45:04.811 [main] INFO  o.s.t.w.s.s.StandaloneMockMvcBuilder$StaticRequestMappingHandlerMapping -Mapped "{[/two]}" onto public com.rabbit.smart.core.protocol.Response<com.alibaba.fastjson.JSONObject> com.rabbit.smart.controller.HomeController.two()
2018-05-28 13:45:04.823 [main] INFO  o.s.w.s.m.m.a.RequestMappingHandlerAdapter -Looking for @ControllerAdvice: org.springframework.test.web.servlet.setup.StubWebApplicationContext@42f024f1
2018-05-28 13:45:04.832 [main] INFO  org.springframework.mock.web.MockServletContext -Initializing Spring FrameworkServlet ''
2018-05-28 13:45:04.832 [main] INFO  o.s.test.web.servlet.TestDispatcherServlet -FrameworkServlet '': initialization started
2018-05-28 13:45:04.832 [main] INFO  o.s.test.web.servlet.TestDispatcherServlet -FrameworkServlet '': initialization completed in 0 ms
2018-05-28 13:45:04.883 [Thread-5] INFO  o.s.w.context.support.GenericWebApplicationContext -Closing org.springframework.web.context.support.GenericWebApplicationContext@616d58b: startup date [Mon May 28 13:44:59 CST 2018]; root of context hierarchy
2018-05-28 13:46:17.884 [main] INFO  o.s.b.t.context.SpringBootTestContextBootstrapper -Neither @ContextConfiguration nor @ContextHierarchy found for test class [com.rabbit.smart.WebTest], using SpringBootContextLoader
2018-05-28 13:46:17.902 [main] INFO  o.s.test.context.support.AbstractContextLoader -Could not detect default resource locations for test class [com.rabbit.smart.WebTest]: no resource found for suffixes {-context.xml, Context.groovy}.
2018-05-28 13:46:17.903 [main] INFO  o.s.t.c.support.AnnotationConfigContextLoaderUtils -Could not detect default configuration classes for test class [com.rabbit.smart.WebTest]: WebTest does not declare any static, non-private, non-final, nested classes annotated with @Configuration.
2018-05-28 13:46:18.180 [main] INFO  o.s.b.t.context.SpringBootTestContextBootstrapper -Found @SpringBootConfiguration com.rabbit.smart.Application for test class com.rabbit.smart.WebTest
2018-05-28 13:46:18.197 [main] INFO  o.s.b.t.context.SpringBootTestContextBootstrapper -Loaded default TestExecutionListener class names from location [META-INF/spring.factories]: [org.springframework.boot.test.mock.mockito.MockitoTestExecutionListener, org.springframework.boot.test.mock.mockito.ResetMocksTestExecutionListener, org.springframework.boot.test.autoconfigure.restdocs.RestDocsTestExecutionListener, org.springframework.boot.test.autoconfigure.web.client.MockRestServiceServerResetTestExecutionListener, org.springframework.boot.test.autoconfigure.web.servlet.MockMvcPrintOnlyOnFailureTestExecutionListener, org.springframework.boot.test.autoconfigure.web.servlet.WebDriverTestExecutionListener, org.springframework.test.context.web.ServletTestExecutionListener, org.springframework.test.context.support.DirtiesContextBeforeModesTestExecutionListener, org.springframework.test.context.support.DependencyInjectionTestExecutionListener, org.springframework.test.context.support.DirtiesContextTestExecutionListener, org.springframework.test.context.transaction.TransactionalTestExecutionListener, org.springframework.test.context.jdbc.SqlScriptsTestExecutionListener]
2018-05-28 13:46:18.261 [main] INFO  o.s.b.t.context.SpringBootTestContextBootstrapper -Using TestExecutionListeners: [org.springframework.test.context.web.ServletTestExecutionListener@414e96c, org.springframework.test.context.support.DirtiesContextBeforeModesTestExecutionListener@78e8b38b, org.springframework.boot.test.autoconfigure.SpringBootDependencyInjectionTestExecutionListener@7563a8b0, org.springframework.test.context.support.DirtiesContextTestExecutionListener@61d7f705, org.springframework.test.context.transaction.TransactionalTestExecutionListener@299a9b72, org.springframework.test.context.jdbc.SqlScriptsTestExecutionListener@65536eb4, org.springframework.boot.test.autoconfigure.web.servlet.MockMvcPrintOnlyOnFailureTestExecutionListener@48891f64, org.springframework.boot.test.autoconfigure.restdocs.RestDocsTestExecutionListener@226c0370, org.springframework.boot.test.mock.mockito.MockitoTestExecutionListener@6155bfb7, org.springframework.boot.test.mock.mockito.ResetMocksTestExecutionListener@449db94d, org.springframework.boot.test.autoconfigure.web.client.MockRestServiceServerResetTestExecutionListener@4ef0916c, org.springframework.boot.test.autoconfigure.web.servlet.WebDriverTestExecutionListener@13db71f1]
2018-05-28 13:46:18.657 [main] INFO  com.rabbit.smart.WebTest -Starting WebTest on DESKTOP-NCAUIPH with PID 10912 (started by xuzhang in E:\github\2508658887@qq.com\smart\web-admin)
2018-05-28 13:46:18.657 [main] INFO  com.rabbit.smart.WebTest -No active profile set, falling back to default profiles: default
2018-05-28 13:46:18.901 [main] INFO  o.s.w.context.support.GenericWebApplicationContext -Refreshing org.springframework.web.context.support.GenericWebApplicationContext@e4381c5: startup date [Mon May 28 13:46:18 CST 2018]; root of context hierarchy
2018-05-28 13:46:19.028 [background-preinit] INFO  org.hibernate.validator.internal.util.Version -HV000001: Hibernate Validator 5.3.5.Final
2018-05-28 13:46:22.572 [main] INFO  o.s.w.s.m.m.a.RequestMappingHandlerAdapter -Looking for @ControllerAdvice: org.springframework.web.context.support.GenericWebApplicationContext@e4381c5: startup date [Mon May 28 13:46:18 CST 2018]; root of context hierarchy
2018-05-28 13:46:22.655 [main] INFO  o.s.w.s.m.m.a.RequestMappingHandlerMapping -Mapped "{[/cache]}" onto public com.rabbit.smart.core.protocol.Response<java.lang.String> com.rabbit.smart.controller.HomeController.cache()
2018-05-28 13:46:22.655 [main] INFO  o.s.w.s.m.m.a.RequestMappingHandlerMapping -Mapped "{[/index]}" onto public java.lang.String com.rabbit.smart.controller.HomeController.index()
2018-05-28 13:46:22.658 [main] INFO  o.s.w.s.m.m.a.RequestMappingHandlerMapping -Mapped "{[/two]}" onto public com.rabbit.smart.core.protocol.Response<com.alibaba.fastjson.JSONObject> com.rabbit.smart.controller.HomeController.two()
2018-05-28 13:46:22.661 [main] INFO  o.s.w.s.m.m.a.RequestMappingHandlerMapping -Mapped "{[/error]}" onto public org.springframework.http.ResponseEntity<java.util.Map<java.lang.String, java.lang.Object>> org.springframework.boot.autoconfigure.web.BasicErrorController.error(javax.servlet.http.HttpServletRequest)
2018-05-28 13:46:22.661 [main] INFO  o.s.w.s.m.m.a.RequestMappingHandlerMapping -Mapped "{[/error],produces=[text/html]}" onto public org.springframework.web.servlet.ModelAndView org.springframework.boot.autoconfigure.web.BasicErrorController.errorHtml(javax.servlet.http.HttpServletRequest,javax.servlet.http.HttpServletResponse)
2018-05-28 13:46:22.722 [main] INFO  o.s.web.servlet.handler.SimpleUrlHandlerMapping -Mapped URL path [/webjars/**] onto handler of type [class org.springframework.web.servlet.resource.ResourceHttpRequestHandler]
2018-05-28 13:46:22.722 [main] INFO  o.s.web.servlet.handler.SimpleUrlHandlerMapping -Mapped URL path [/**] onto handler of type [class org.springframework.web.servlet.resource.ResourceHttpRequestHandler]
2018-05-28 13:46:22.749 [main] INFO  o.s.w.s.m.m.a.ExceptionHandlerExceptionResolver -Detected @ExceptionHandler methods in handlerException
2018-05-28 13:46:22.792 [main] INFO  o.s.web.servlet.handler.SimpleUrlHandlerMapping -Mapped URL path [/**/favicon.ico] onto handler of type [class org.springframework.web.servlet.resource.ResourceHttpRequestHandler]
2018-05-28 13:46:23.679 [main] INFO  o.s.s.a.ScheduledAnnotationBeanPostProcessor -No TaskScheduler/ScheduledExecutorService bean found for scheduled processing
2018-05-28 13:46:23.686 [pool-1-thread-1] INFO  com.rabbit.smart.task.PrintJob -PrintJob :1
2018-05-28 13:46:23.692 [main] INFO  com.rabbit.smart.WebTest -Started WebTest in 5.305 seconds (JVM running for 6.516)
2018-05-28 13:46:23.759 [main] INFO  o.s.t.w.s.s.StandaloneMockMvcBuilder$StaticRequestMappingHandlerMapping -Mapped "{[/cache]}" onto public com.rabbit.smart.core.protocol.Response<java.lang.String> com.rabbit.smart.controller.HomeController.cache()
2018-05-28 13:46:23.759 [main] INFO  o.s.t.w.s.s.StandaloneMockMvcBuilder$StaticRequestMappingHandlerMapping -Mapped "{[/index]}" onto public java.lang.String com.rabbit.smart.controller.HomeController.index()
2018-05-28 13:46:23.760 [main] INFO  o.s.t.w.s.s.StandaloneMockMvcBuilder$StaticRequestMappingHandlerMapping -Mapped "{[/two]}" onto public com.rabbit.smart.core.protocol.Response<com.alibaba.fastjson.JSONObject> com.rabbit.smart.controller.HomeController.two()
2018-05-28 13:46:23.799 [main] INFO  o.s.w.s.m.m.a.RequestMappingHandlerAdapter -Looking for @ControllerAdvice: org.springframework.test.web.servlet.setup.StubWebApplicationContext@3334a98f
2018-05-28 13:46:23.807 [main] INFO  org.springframework.mock.web.MockServletContext -Initializing Spring FrameworkServlet ''
2018-05-28 13:46:23.807 [main] INFO  o.s.test.web.servlet.TestDispatcherServlet -FrameworkServlet '': initialization started
2018-05-28 13:46:23.807 [main] INFO  o.s.test.web.servlet.TestDispatcherServlet -FrameworkServlet '': initialization completed in 0 ms
2018-05-28 13:46:23.840 [main] INFO  com.rabbit.smart.controller.HomeController -cache
2018-05-28 13:46:23.901 [Thread-5] INFO  o.s.w.context.support.GenericWebApplicationContext -Closing org.springframework.web.context.support.GenericWebApplicationContext@e4381c5: startup date [Mon May 28 13:46:18 CST 2018]; root of context hierarchy
2018-05-28 13:49:02.022 [main] INFO  o.s.b.t.context.SpringBootTestContextBootstrapper -Neither @ContextConfiguration nor @ContextHierarchy found for test class [com.rabbit.smart.WebTest], using SpringBootContextLoader
2018-05-28 13:49:02.039 [main] INFO  o.s.test.context.support.AbstractContextLoader -Could not detect default resource locations for test class [com.rabbit.smart.WebTest]: no resource found for suffixes {-context.xml, Context.groovy}.
2018-05-28 13:49:02.041 [main] INFO  o.s.t.c.support.AnnotationConfigContextLoaderUtils -Could not detect default configuration classes for test class [com.rabbit.smart.WebTest]: WebTest does not declare any static, non-private, non-final, nested classes annotated with @Configuration.
2018-05-28 13:49:02.375 [main] INFO  o.s.b.t.context.SpringBootTestContextBootstrapper -Found @SpringBootConfiguration com.rabbit.smart.Application for test class com.rabbit.smart.WebTest
2018-05-28 13:49:02.404 [main] INFO  o.s.b.t.context.SpringBootTestContextBootstrapper -Loaded default TestExecutionListener class names from location [META-INF/spring.factories]: [org.springframework.boot.test.mock.mockito.MockitoTestExecutionListener, org.springframework.boot.test.mock.mockito.ResetMocksTestExecutionListener, org.springframework.boot.test.autoconfigure.restdocs.RestDocsTestExecutionListener, org.springframework.boot.test.autoconfigure.web.client.MockRestServiceServerResetTestExecutionListener, org.springframework.boot.test.autoconfigure.web.servlet.MockMvcPrintOnlyOnFailureTestExecutionListener, org.springframework.boot.test.autoconfigure.web.servlet.WebDriverTestExecutionListener, org.springframework.test.context.web.ServletTestExecutionListener, org.springframework.test.context.support.DirtiesContextBeforeModesTestExecutionListener, org.springframework.test.context.support.DependencyInjectionTestExecutionListener, org.springframework.test.context.support.DirtiesContextTestExecutionListener, org.springframework.test.context.transaction.TransactionalTestExecutionListener, org.springframework.test.context.jdbc.SqlScriptsTestExecutionListener]
2018-05-28 13:49:02.433 [main] INFO  o.s.b.t.context.SpringBootTestContextBootstrapper -Using TestExecutionListeners: [org.springframework.test.context.web.ServletTestExecutionListener@333ac62e, org.springframework.test.context.support.DirtiesContextBeforeModesTestExecutionListener@57a91048, org.springframework.boot.test.autoconfigure.SpringBootDependencyInjectionTestExecutionListener@1c6c13ee, org.springframework.test.context.support.DirtiesContextTestExecutionListener@7b907cd5, org.springframework.test.context.transaction.TransactionalTestExecutionListener@4af3c353, org.springframework.test.context.jdbc.SqlScriptsTestExecutionListener@499ca496, org.springframework.boot.test.mock.mockito.MockitoTestExecutionListener@4af9999b, org.springframework.boot.test.autoconfigure.web.servlet.WebDriverTestExecutionListener@48d3b591, org.springframework.boot.test.mock.mockito.ResetMocksTestExecutionListener@433567f1, org.springframework.boot.test.autoconfigure.restdocs.RestDocsTestExecutionListener@673b21af, org.springframework.boot.test.autoconfigure.web.servlet.MockMvcPrintOnlyOnFailureTestExecutionListener@5b209d1b, org.springframework.boot.test.autoconfigure.web.client.MockRestServiceServerResetTestExecutionListener@3a2a865a]
2018-05-28 13:49:02.878 [main] INFO  com.rabbit.smart.WebTest -Starting WebTest on DESKTOP-NCAUIPH with PID 3740 (started by xuzhang in E:\github\2508658887@qq.com\smart\web-admin)
2018-05-28 13:49:02.879 [main] INFO  com.rabbit.smart.WebTest -No active profile set, falling back to default profiles: default
2018-05-28 13:49:03.130 [main] INFO  o.s.w.context.support.GenericWebApplicationContext -Refreshing org.springframework.web.context.support.GenericWebApplicationContext@21037517: startup date [Mon May 28 13:49:03 CST 2018]; root of context hierarchy
2018-05-28 13:49:03.269 [background-preinit] INFO  org.hibernate.validator.internal.util.Version -HV000001: Hibernate Validator 5.3.5.Final
2018-05-28 13:49:06.609 [main] INFO  o.s.w.s.m.m.a.RequestMappingHandlerAdapter -Looking for @ControllerAdvice: org.springframework.web.context.support.GenericWebApplicationContext@21037517: startup date [Mon May 28 13:49:03 CST 2018]; root of context hierarchy
2018-05-28 13:49:06.691 [main] INFO  o.s.w.s.m.m.a.RequestMappingHandlerMapping -Mapped "{[/cache]}" onto public com.rabbit.smart.core.protocol.Response<java.lang.String> com.rabbit.smart.controller.HomeController.cache()
2018-05-28 13:49:06.692 [main] INFO  o.s.w.s.m.m.a.RequestMappingHandlerMapping -Mapped "{[/index]}" onto public java.lang.String com.rabbit.smart.controller.HomeController.index()
2018-05-28 13:49:06.694 [main] INFO  o.s.w.s.m.m.a.RequestMappingHandlerMapping -Mapped "{[/two]}" onto public com.rabbit.smart.core.protocol.Response<com.alibaba.fastjson.JSONObject> com.rabbit.smart.controller.HomeController.two()
2018-05-28 13:49:06.697 [main] INFO  o.s.w.s.m.m.a.RequestMappingHandlerMapping -Mapped "{[/error]}" onto public org.springframework.http.ResponseEntity<java.util.Map<java.lang.String, java.lang.Object>> org.springframework.boot.autoconfigure.web.BasicErrorController.error(javax.servlet.http.HttpServletRequest)
2018-05-28 13:49:06.697 [main] INFO  o.s.w.s.m.m.a.RequestMappingHandlerMapping -Mapped "{[/error],produces=[text/html]}" onto public org.springframework.web.servlet.ModelAndView org.springframework.boot.autoconfigure.web.BasicErrorController.errorHtml(javax.servlet.http.HttpServletRequest,javax.servlet.http.HttpServletResponse)
2018-05-28 13:49:06.754 [main] INFO  o.s.web.servlet.handler.SimpleUrlHandlerMapping -Mapped URL path [/webjars/**] onto handler of type [class org.springframework.web.servlet.resource.ResourceHttpRequestHandler]
2018-05-28 13:49:06.754 [main] INFO  o.s.web.servlet.handler.SimpleUrlHandlerMapping -Mapped URL path [/**] onto handler of type [class org.springframework.web.servlet.resource.ResourceHttpRequestHandler]
2018-05-28 13:49:06.778 [main] INFO  o.s.w.s.m.m.a.ExceptionHandlerExceptionResolver -Detected @ExceptionHandler methods in handlerException
2018-05-28 13:49:06.818 [main] INFO  o.s.web.servlet.handler.SimpleUrlHandlerMapping -Mapped URL path [/**/favicon.ico] onto handler of type [class org.springframework.web.servlet.resource.ResourceHttpRequestHandler]
2018-05-28 13:49:07.649 [main] INFO  o.s.s.a.ScheduledAnnotationBeanPostProcessor -No TaskScheduler/ScheduledExecutorService bean found for scheduled processing
2018-05-28 13:49:07.656 [pool-1-thread-1] INFO  com.rabbit.smart.task.PrintJob -PrintJob :1
2018-05-28 13:49:07.662 [main] INFO  com.rabbit.smart.WebTest -Started WebTest in 5.114 seconds (JVM running for 6.492)
2018-05-28 13:49:07.711 [Thread-5] INFO  o.s.w.context.support.GenericWebApplicationContext -Closing org.springframework.web.context.support.GenericWebApplicationContext@21037517: startup date [Mon May 28 13:49:03 CST 2018]; root of context hierarchy
2018-05-28 13:55:52.651 [main] INFO  o.s.b.t.context.SpringBootTestContextBootstrapper -Neither @ContextConfiguration nor @ContextHierarchy found for test class [com.rabbit.smart.WebTest], using SpringBootContextLoader
2018-05-28 13:55:52.666 [main] INFO  o.s.test.context.support.AbstractContextLoader -Could not detect default resource locations for test class [com.rabbit.smart.WebTest]: no resource found for suffixes {-context.xml, Context.groovy}.
2018-05-28 13:55:52.667 [main] INFO  o.s.t.c.support.AnnotationConfigContextLoaderUtils -Could not detect default configuration classes for test class [com.rabbit.smart.WebTest]: WebTest does not declare any static, non-private, non-final, nested classes annotated with @Configuration.
2018-05-28 13:55:52.953 [main] INFO  o.s.b.t.context.SpringBootTestContextBootstrapper -Found @SpringBootConfiguration com.rabbit.smart.Application for test class com.rabbit.smart.WebTest
2018-05-28 13:55:52.963 [main] INFO  o.s.b.t.context.SpringBootTestContextBootstrapper -Loaded default TestExecutionListener class names from location [META-INF/spring.factories]: [org.springframework.boot.test.mock.mockito.MockitoTestExecutionListener, org.springframework.boot.test.mock.mockito.ResetMocksTestExecutionListener, org.springframework.boot.test.autoconfigure.restdocs.RestDocsTestExecutionListener, org.springframework.boot.test.autoconfigure.web.client.MockRestServiceServerResetTestExecutionListener, org.springframework.boot.test.autoconfigure.web.servlet.MockMvcPrintOnlyOnFailureTestExecutionListener, org.springframework.boot.test.autoconfigure.web.servlet.WebDriverTestExecutionListener, org.springframework.test.context.web.ServletTestExecutionListener, org.springframework.test.context.support.DirtiesContextBeforeModesTestExecutionListener, org.springframework.test.context.support.DependencyInjectionTestExecutionListener, org.springframework.test.context.support.DirtiesContextTestExecutionListener, org.springframework.test.context.transaction.TransactionalTestExecutionListener, org.springframework.test.context.jdbc.SqlScriptsTestExecutionListener]
2018-05-28 13:55:52.995 [main] INFO  o.s.b.t.context.SpringBootTestContextBootstrapper -Using TestExecutionListeners: [org.springframework.test.context.web.ServletTestExecutionListener@8662a8b, org.springframework.test.context.support.DirtiesContextBeforeModesTestExecutionListener@6b730ffb, org.springframework.boot.test.autoconfigure.SpringBootDependencyInjectionTestExecutionListener@4f1e5ed9, org.springframework.test.context.support.DirtiesContextTestExecutionListener@52e52123, org.springframework.test.context.transaction.TransactionalTestExecutionListener@40e2ab59, org.springframework.test.context.jdbc.SqlScriptsTestExecutionListener@615f8156, org.springframework.boot.test.autoconfigure.web.client.MockRestServiceServerResetTestExecutionListener@4524670b, org.springframework.boot.test.autoconfigure.web.servlet.MockMvcPrintOnlyOnFailureTestExecutionListener@58e926a3, org.springframework.boot.test.mock.mockito.ResetMocksTestExecutionListener@32e7c4ef, org.springframework.boot.test.autoconfigure.restdocs.RestDocsTestExecutionListener@e324105, org.springframework.boot.test.autoconfigure.web.servlet.WebDriverTestExecutionListener@54ab68b, org.springframework.boot.test.mock.mockito.MockitoTestExecutionListener@6c166263]
2018-05-28 13:55:53.407 [main] INFO  com.rabbit.smart.WebTest -Starting WebTest on DESKTOP-NCAUIPH with PID 14284 (started by xuzhang in E:\github\2508658887@qq.com\smart\web-admin)
2018-05-28 13:55:53.407 [main] INFO  com.rabbit.smart.WebTest -No active profile set, falling back to default profiles: default
2018-05-28 13:55:53.744 [main] INFO  o.s.w.context.support.GenericWebApplicationContext -Refreshing org.springframework.web.context.support.GenericWebApplicationContext@47e8d427: startup date [Mon May 28 13:55:53 CST 2018]; root of context hierarchy
2018-05-28 13:55:53.845 [background-preinit] INFO  org.hibernate.validator.internal.util.Version -HV000001: Hibernate Validator 5.3.5.Final
2018-05-28 13:55:57.172 [main] INFO  o.s.w.s.m.m.a.RequestMappingHandlerAdapter -Looking for @ControllerAdvice: org.springframework.web.context.support.GenericWebApplicationContext@47e8d427: startup date [Mon May 28 13:55:53 CST 2018]; root of context hierarchy
2018-05-28 13:55:57.251 [main] INFO  o.s.w.s.m.m.a.RequestMappingHandlerMapping -Mapped "{[/cache]}" onto public com.rabbit.smart.core.protocol.Response<java.lang.String> com.rabbit.smart.controller.HomeController.cache()
2018-05-28 13:55:57.252 [main] INFO  o.s.w.s.m.m.a.RequestMappingHandlerMapping -Mapped "{[/index]}" onto public java.lang.String com.rabbit.smart.controller.HomeController.index()
2018-05-28 13:55:57.254 [main] INFO  o.s.w.s.m.m.a.RequestMappingHandlerMapping -Mapped "{[/two]}" onto public com.rabbit.smart.core.protocol.Response<com.alibaba.fastjson.JSONObject> com.rabbit.smart.controller.HomeController.two()
2018-05-28 13:55:57.257 [main] INFO  o.s.w.s.m.m.a.RequestMappingHandlerMapping -Mapped "{[/error]}" onto public org.springframework.http.ResponseEntity<java.util.Map<java.lang.String, java.lang.Object>> org.springframework.boot.autoconfigure.web.BasicErrorController.error(javax.servlet.http.HttpServletRequest)
2018-05-28 13:55:57.257 [main] INFO  o.s.w.s.m.m.a.RequestMappingHandlerMapping -Mapped "{[/error],produces=[text/html]}" onto public org.springframework.web.servlet.ModelAndView org.springframework.boot.autoconfigure.web.BasicErrorController.errorHtml(javax.servlet.http.HttpServletRequest,javax.servlet.http.HttpServletResponse)
2018-05-28 13:55:57.313 [main] INFO  o.s.web.servlet.handler.SimpleUrlHandlerMapping -Mapped URL path [/webjars/**] onto handler of type [class org.springframework.web.servlet.resource.ResourceHttpRequestHandler]
2018-05-28 13:55:57.313 [main] INFO  o.s.web.servlet.handler.SimpleUrlHandlerMapping -Mapped URL path [/**] onto handler of type [class org.springframework.web.servlet.resource.ResourceHttpRequestHandler]
2018-05-28 13:55:57.336 [main] INFO  o.s.w.s.m.m.a.ExceptionHandlerExceptionResolver -Detected @ExceptionHandler methods in handlerException
2018-05-28 13:55:57.373 [main] INFO  o.s.web.servlet.handler.SimpleUrlHandlerMapping -Mapped URL path [/**/favicon.ico] onto handler of type [class org.springframework.web.servlet.resource.ResourceHttpRequestHandler]
2018-05-28 13:55:58.202 [main] INFO  o.s.s.a.ScheduledAnnotationBeanPostProcessor -No TaskScheduler/ScheduledExecutorService bean found for scheduled processing
2018-05-28 13:55:58.208 [pool-1-thread-1] INFO  com.rabbit.smart.task.PrintJob -PrintJob :1
2018-05-28 13:55:58.213 [main] INFO  com.rabbit.smart.WebTest -Started WebTest in 5.084 seconds (JVM running for 6.274)
2018-05-28 13:55:58.266 [main] INFO  o.s.t.w.s.s.StandaloneMockMvcBuilder$StaticRequestMappingHandlerMapping -Mapped "{[/cache]}" onto public com.rabbit.smart.core.protocol.Response<java.lang.String> com.rabbit.smart.controller.HomeController.cache()
2018-05-28 13:55:58.267 [main] INFO  o.s.t.w.s.s.StandaloneMockMvcBuilder$StaticRequestMappingHandlerMapping -Mapped "{[/index]}" onto public java.lang.String com.rabbit.smart.controller.HomeController.index()
2018-05-28 13:55:58.267 [main] INFO  o.s.t.w.s.s.StandaloneMockMvcBuilder$StaticRequestMappingHandlerMapping -Mapped "{[/two]}" onto public com.rabbit.smart.core.protocol.Response<com.alibaba.fastjson.JSONObject> com.rabbit.smart.controller.HomeController.two()
2018-05-28 13:55:58.306 [main] INFO  o.s.w.s.m.m.a.RequestMappingHandlerAdapter -Looking for @ControllerAdvice: org.springframework.test.web.servlet.setup.StubWebApplicationContext@3e91cae
2018-05-28 13:55:58.313 [main] INFO  org.springframework.mock.web.MockServletContext -Initializing Spring FrameworkServlet ''
2018-05-28 13:55:58.313 [main] INFO  o.s.test.web.servlet.TestDispatcherServlet -FrameworkServlet '': initialization started
2018-05-28 13:55:58.313 [main] INFO  o.s.test.web.servlet.TestDispatcherServlet -FrameworkServlet '': initialization completed in 0 ms
2018-05-28 13:55:58.356 [Thread-5] INFO  o.s.w.context.support.GenericWebApplicationContext -Closing org.springframework.web.context.support.GenericWebApplicationContext@47e8d427: startup date [Mon May 28 13:55:53 CST 2018]; root of context hierarchy
2018-05-28 13:58:19.531 [main] INFO  o.s.b.t.context.SpringBootTestContextBootstrapper -Neither @ContextConfiguration nor @ContextHierarchy found for test class [com.rabbit.smart.WebTest], using SpringBootContextLoader
2018-05-28 13:58:19.538 [main] INFO  o.s.test.context.support.AbstractContextLoader -Could not detect default resource locations for test class [com.rabbit.smart.WebTest]: no resource found for suffixes {-context.xml, Context.groovy}.
2018-05-28 13:58:19.539 [main] INFO  o.s.t.c.support.AnnotationConfigContextLoaderUtils -Could not detect default configuration classes for test class [com.rabbit.smart.WebTest]: WebTest does not declare any static, non-private, non-final, nested classes annotated with @Configuration.
2018-05-28 13:58:19.848 [main] INFO  o.s.b.t.context.SpringBootTestContextBootstrapper -Found @SpringBootConfiguration com.rabbit.smart.Application for test class com.rabbit.smart.WebTest
2018-05-28 13:58:19.863 [main] INFO  o.s.b.t.context.SpringBootTestContextBootstrapper -Loaded default TestExecutionListener class names from location [META-INF/spring.factories]: [org.springframework.boot.test.mock.mockito.MockitoTestExecutionListener, org.springframework.boot.test.mock.mockito.ResetMocksTestExecutionListener, org.springframework.boot.test.autoconfigure.restdocs.RestDocsTestExecutionListener, org.springframework.boot.test.autoconfigure.web.client.MockRestServiceServerResetTestExecutionListener, org.springframework.boot.test.autoconfigure.web.servlet.MockMvcPrintOnlyOnFailureTestExecutionListener, org.springframework.boot.test.autoconfigure.web.servlet.WebDriverTestExecutionListener, org.springframework.test.context.web.ServletTestExecutionListener, org.springframework.test.context.support.DirtiesContextBeforeModesTestExecutionListener, org.springframework.test.context.support.DependencyInjectionTestExecutionListener, org.springframework.test.context.support.DirtiesContextTestExecutionListener, org.springframework.test.context.transaction.TransactionalTestExecutionListener, org.springframework.test.context.jdbc.SqlScriptsTestExecutionListener]
2018-05-28 13:58:19.903 [main] INFO  o.s.b.t.context.SpringBootTestContextBootstrapper -Using TestExecutionListeners: [org.springframework.test.context.web.ServletTestExecutionListener@44cea16, org.springframework.test.context.support.DirtiesContextBeforeModesTestExecutionListener@559c4c8e, org.springframework.boot.test.autoconfigure.SpringBootDependencyInjectionTestExecutionListener@8662a8b, org.springframework.test.context.support.DirtiesContextTestExecutionListener@6b730ffb, org.springframework.test.context.transaction.TransactionalTestExecutionListener@4f1e5ed9, org.springframework.test.context.jdbc.SqlScriptsTestExecutionListener@52e52123, org.springframework.boot.test.autoconfigure.web.servlet.MockMvcPrintOnlyOnFailureTestExecutionListener@40e2ab59, org.springframework.boot.test.autoconfigure.restdocs.RestDocsTestExecutionListener@615f8156, org.springframework.boot.test.autoconfigure.web.servlet.WebDriverTestExecutionListener@4524670b, org.springframework.boot.test.mock.mockito.ResetMocksTestExecutionListener@58e926a3, org.springframework.boot.test.autoconfigure.web.client.MockRestServiceServerResetTestExecutionListener@32e7c4ef, org.springframework.boot.test.mock.mockito.MockitoTestExecutionListener@e324105]
2018-05-28 13:58:20.317 [main] INFO  com.rabbit.smart.WebTest -Starting WebTest on DESKTOP-NCAUIPH with PID 2704 (started by xuzhang in E:\github\2508658887@qq.com\smart\web-admin)
2018-05-28 13:58:20.317 [main] INFO  com.rabbit.smart.WebTest -No active profile set, falling back to default profiles: default
2018-05-28 13:58:20.577 [main] INFO  o.s.w.context.support.GenericWebApplicationContext -Refreshing org.springframework.web.context.support.GenericWebApplicationContext@34d26e27: startup date [Mon May 28 13:58:20 CST 2018]; root of context hierarchy
2018-05-28 13:58:20.687 [background-preinit] INFO  org.hibernate.validator.internal.util.Version -HV000001: Hibernate Validator 5.3.5.Final
2018-05-28 13:58:24.210 [main] INFO  o.s.w.s.m.m.a.RequestMappingHandlerAdapter -Looking for @ControllerAdvice: org.springframework.web.context.support.GenericWebApplicationContext@34d26e27: startup date [Mon May 28 13:58:20 CST 2018]; root of context hierarchy
2018-05-28 13:58:24.292 [main] INFO  o.s.w.s.m.m.a.RequestMappingHandlerMapping -Mapped "{[/cache]}" onto public com.rabbit.smart.core.protocol.Response<java.lang.String> com.rabbit.smart.controller.HomeController.cache()
2018-05-28 13:58:24.293 [main] INFO  o.s.w.s.m.m.a.RequestMappingHandlerMapping -Mapped "{[/index]}" onto public java.lang.String com.rabbit.smart.controller.HomeController.index()
2018-05-28 13:58:24.296 [main] INFO  o.s.w.s.m.m.a.RequestMappingHandlerMapping -Mapped "{[/two]}" onto public com.rabbit.smart.core.protocol.Response<com.alibaba.fastjson.JSONObject> com.rabbit.smart.controller.HomeController.two()
2018-05-28 13:58:24.298 [main] INFO  o.s.w.s.m.m.a.RequestMappingHandlerMapping -Mapped "{[/error]}" onto public org.springframework.http.ResponseEntity<java.util.Map<java.lang.String, java.lang.Object>> org.springframework.boot.autoconfigure.web.BasicErrorController.error(javax.servlet.http.HttpServletRequest)
2018-05-28 13:58:24.299 [main] INFO  o.s.w.s.m.m.a.RequestMappingHandlerMapping -Mapped "{[/error],produces=[text/html]}" onto public org.springframework.web.servlet.ModelAndView org.springframework.boot.autoconfigure.web.BasicErrorController.errorHtml(javax.servlet.http.HttpServletRequest,javax.servlet.http.HttpServletResponse)
2018-05-28 13:58:24.356 [main] INFO  o.s.web.servlet.handler.SimpleUrlHandlerMapping -Mapped URL path [/webjars/**] onto handler of type [class org.springframework.web.servlet.resource.ResourceHttpRequestHandler]
2018-05-28 13:58:24.356 [main] INFO  o.s.web.servlet.handler.SimpleUrlHandlerMapping -Mapped URL path [/**] onto handler of type [class org.springframework.web.servlet.resource.ResourceHttpRequestHandler]
2018-05-28 13:58:24.380 [main] INFO  o.s.w.s.m.m.a.ExceptionHandlerExceptionResolver -Detected @ExceptionHandler methods in handlerException
2018-05-28 13:58:24.421 [main] INFO  o.s.web.servlet.handler.SimpleUrlHandlerMapping -Mapped URL path [/**/favicon.ico] onto handler of type [class org.springframework.web.servlet.resource.ResourceHttpRequestHandler]
2018-05-28 13:58:25.278 [main] INFO  o.s.s.a.ScheduledAnnotationBeanPostProcessor -No TaskScheduler/ScheduledExecutorService bean found for scheduled processing
2018-05-28 13:58:25.286 [pool-1-thread-1] INFO  com.rabbit.smart.task.PrintJob -PrintJob :1
2018-05-28 13:58:25.293 [main] INFO  com.rabbit.smart.WebTest -Started WebTest in 5.258 seconds (JVM running for 6.63)
2018-05-28 13:58:25.364 [main] INFO  o.s.t.w.s.s.StandaloneMockMvcBuilder$StaticRequestMappingHandlerMapping -Mapped "{[/cache]}" onto public com.rabbit.smart.core.protocol.Response<java.lang.String> com.rabbit.smart.controller.HomeController.cache()
2018-05-28 13:58:25.365 [main] INFO  o.s.t.w.s.s.StandaloneMockMvcBuilder$StaticRequestMappingHandlerMapping -Mapped "{[/index]}" onto public java.lang.String com.rabbit.smart.controller.HomeController.index()
2018-05-28 13:58:25.366 [main] INFO  o.s.t.w.s.s.StandaloneMockMvcBuilder$StaticRequestMappingHandlerMapping -Mapped "{[/two]}" onto public com.rabbit.smart.core.protocol.Response<com.alibaba.fastjson.JSONObject> com.rabbit.smart.controller.HomeController.two()
2018-05-28 13:58:25.409 [main] INFO  o.s.w.s.m.m.a.RequestMappingHandlerAdapter -Looking for @ControllerAdvice: org.springframework.test.web.servlet.setup.StubWebApplicationContext@7216ab0f
2018-05-28 13:58:25.417 [main] INFO  org.springframework.mock.web.MockServletContext -Initializing Spring FrameworkServlet ''
2018-05-28 13:58:25.417 [main] INFO  o.s.test.web.servlet.TestDispatcherServlet -FrameworkServlet '': initialization started
2018-05-28 13:58:25.417 [main] INFO  o.s.test.web.servlet.TestDispatcherServlet -FrameworkServlet '': initialization completed in 0 ms
2018-05-28 13:58:25.466 [Thread-5] INFO  o.s.w.context.support.GenericWebApplicationContext -Closing org.springframework.web.context.support.GenericWebApplicationContext@34d26e27: startup date [Mon May 28 13:58:20 CST 2018]; root of context hierarchy
2018-05-28 13:59:08.959 [main] INFO  o.s.b.t.context.SpringBootTestContextBootstrapper -Neither @ContextConfiguration nor @ContextHierarchy found for test class [com.rabbit.smart.WebTest], using SpringBootContextLoader
2018-05-28 13:59:08.968 [main] INFO  o.s.test.context.support.AbstractContextLoader -Could not detect default resource locations for test class [com.rabbit.smart.WebTest]: no resource found for suffixes {-context.xml, Context.groovy}.
2018-05-28 13:59:08.969 [main] INFO  o.s.t.c.support.AnnotationConfigContextLoaderUtils -Could not detect default configuration classes for test class [com.rabbit.smart.WebTest]: WebTest does not declare any static, non-private, non-final, nested classes annotated with @Configuration.
2018-05-28 13:59:09.262 [main] INFO  o.s.b.t.context.SpringBootTestContextBootstrapper -Found @SpringBootConfiguration com.rabbit.smart.Application for test class com.rabbit.smart.WebTest
2018-05-28 13:59:09.292 [main] INFO  o.s.b.t.context.SpringBootTestContextBootstrapper -Loaded default TestExecutionListener class names from location [META-INF/spring.factories]: [org.springframework.boot.test.mock.mockito.MockitoTestExecutionListener, org.springframework.boot.test.mock.mockito.ResetMocksTestExecutionListener, org.springframework.boot.test.autoconfigure.restdocs.RestDocsTestExecutionListener, org.springframework.boot.test.autoconfigure.web.client.MockRestServiceServerResetTestExecutionListener, org.springframework.boot.test.autoconfigure.web.servlet.MockMvcPrintOnlyOnFailureTestExecutionListener, org.springframework.boot.test.autoconfigure.web.servlet.WebDriverTestExecutionListener, org.springframework.test.context.web.ServletTestExecutionListener, org.springframework.test.context.support.DirtiesContextBeforeModesTestExecutionListener, org.springframework.test.context.support.DependencyInjectionTestExecutionListener, org.springframework.test.context.support.DirtiesContextTestExecutionListener, org.springframework.test.context.transaction.TransactionalTestExecutionListener, org.springframework.test.context.jdbc.SqlScriptsTestExecutionListener]
2018-05-28 13:59:09.318 [main] INFO  o.s.b.t.context.SpringBootTestContextBootstrapper -Using TestExecutionListeners: [org.springframework.test.context.web.ServletTestExecutionListener@8662a8b, org.springframework.test.context.support.DirtiesContextBeforeModesTestExecutionListener@6b730ffb, org.springframework.boot.test.autoconfigure.SpringBootDependencyInjectionTestExecutionListener@4f1e5ed9, org.springframework.test.context.support.DirtiesContextTestExecutionListener@52e52123, org.springframework.test.context.transaction.TransactionalTestExecutionListener@40e2ab59, org.springframework.test.context.jdbc.SqlScriptsTestExecutionListener@615f8156, org.springframework.boot.test.autoconfigure.web.client.MockRestServiceServerResetTestExecutionListener@4524670b, org.springframework.boot.test.autoconfigure.web.servlet.MockMvcPrintOnlyOnFailureTestExecutionListener@58e926a3, org.springframework.boot.test.mock.mockito.ResetMocksTestExecutionListener@32e7c4ef, org.springframework.boot.test.autoconfigure.restdocs.RestDocsTestExecutionListener@e324105, org.springframework.boot.test.autoconfigure.web.servlet.WebDriverTestExecutionListener@54ab68b, org.springframework.boot.test.mock.mockito.MockitoTestExecutionListener@6c166263]
2018-05-28 13:59:09.766 [main] INFO  com.rabbit.smart.WebTest -Starting WebTest on DESKTOP-NCAUIPH with PID 14028 (started by xuzhang in E:\github\2508658887@qq.com\smart\web-admin)
2018-05-28 13:59:09.766 [main] INFO  com.rabbit.smart.WebTest -No active profile set, falling back to default profiles: default
2018-05-28 13:59:10.054 [main] INFO  o.s.w.context.support.GenericWebApplicationContext -Refreshing org.springframework.web.context.support.GenericWebApplicationContext@4fdcdc62: startup date [Mon May 28 13:59:10 CST 2018]; root of context hierarchy
2018-05-28 13:59:10.139 [background-preinit] INFO  org.hibernate.validator.internal.util.Version -HV000001: Hibernate Validator 5.3.5.Final
2018-05-28 13:59:13.554 [main] INFO  o.s.w.s.m.m.a.RequestMappingHandlerAdapter -Looking for @ControllerAdvice: org.springframework.web.context.support.GenericWebApplicationContext@4fdcdc62: startup date [Mon May 28 13:59:10 CST 2018]; root of context hierarchy
2018-05-28 13:59:13.636 [main] INFO  o.s.w.s.m.m.a.RequestMappingHandlerMapping -Mapped "{[/cache]}" onto public com.rabbit.smart.core.protocol.Response<java.lang.String> com.rabbit.smart.controller.HomeController.cache()
2018-05-28 13:59:13.637 [main] INFO  o.s.w.s.m.m.a.RequestMappingHandlerMapping -Mapped "{[/index]}" onto public java.lang.String com.rabbit.smart.controller.HomeController.index()
2018-05-28 13:59:13.640 [main] INFO  o.s.w.s.m.m.a.RequestMappingHandlerMapping -Mapped "{[/two]}" onto public com.rabbit.smart.core.protocol.Response<com.alibaba.fastjson.JSONObject> com.rabbit.smart.controller.HomeController.two()
2018-05-28 13:59:13.642 [main] INFO  o.s.w.s.m.m.a.RequestMappingHandlerMapping -Mapped "{[/error]}" onto public org.springframework.http.ResponseEntity<java.util.Map<java.lang.String, java.lang.Object>> org.springframework.boot.autoconfigure.web.BasicErrorController.error(javax.servlet.http.HttpServletRequest)
2018-05-28 13:59:13.643 [main] INFO  o.s.w.s.m.m.a.RequestMappingHandlerMapping -Mapped "{[/error],produces=[text/html]}" onto public org.springframework.web.servlet.ModelAndView org.springframework.boot.autoconfigure.web.BasicErrorController.errorHtml(javax.servlet.http.HttpServletRequest,javax.servlet.http.HttpServletResponse)
2018-05-28 13:59:13.700 [main] INFO  o.s.web.servlet.handler.SimpleUrlHandlerMapping -Mapped URL path [/webjars/**] onto handler of type [class org.springframework.web.servlet.resource.ResourceHttpRequestHandler]
2018-05-28 13:59:13.700 [main] INFO  o.s.web.servlet.handler.SimpleUrlHandlerMapping -Mapped URL path [/**] onto handler of type [class org.springframework.web.servlet.resource.ResourceHttpRequestHandler]
2018-05-28 13:59:13.722 [main] INFO  o.s.w.s.m.m.a.ExceptionHandlerExceptionResolver -Detected @ExceptionHandler methods in handlerException
2018-05-28 13:59:13.767 [main] INFO  o.s.web.servlet.handler.SimpleUrlHandlerMapping -Mapped URL path [/**/favicon.ico] onto handler of type [class org.springframework.web.servlet.resource.ResourceHttpRequestHandler]
2018-05-28 13:59:14.662 [main] INFO  o.s.s.a.ScheduledAnnotationBeanPostProcessor -No TaskScheduler/ScheduledExecutorService bean found for scheduled processing
2018-05-28 13:59:14.668 [pool-1-thread-1] INFO  com.rabbit.smart.task.PrintJob -PrintJob :1
2018-05-28 13:59:14.674 [main] INFO  com.rabbit.smart.WebTest -Started WebTest in 5.208 seconds (JVM running for 6.487)
2018-05-28 13:59:14.731 [main] INFO  o.s.t.w.s.s.StandaloneMockMvcBuilder$StaticRequestMappingHandlerMapping -Mapped "{[/cache]}" onto public com.rabbit.smart.core.protocol.Response<java.lang.String> com.rabbit.smart.controller.HomeController.cache()
2018-05-28 13:59:14.731 [main] INFO  o.s.t.w.s.s.StandaloneMockMvcBuilder$StaticRequestMappingHandlerMapping -Mapped "{[/index]}" onto public java.lang.String com.rabbit.smart.controller.HomeController.index()
2018-05-28 13:59:14.732 [main] INFO  o.s.t.w.s.s.StandaloneMockMvcBuilder$StaticRequestMappingHandlerMapping -Mapped "{[/two]}" onto public com.rabbit.smart.core.protocol.Response<com.alibaba.fastjson.JSONObject> com.rabbit.smart.controller.HomeController.two()
2018-05-28 13:59:14.772 [main] INFO  o.s.w.s.m.m.a.RequestMappingHandlerAdapter -Looking for @ControllerAdvice: org.springframework.test.web.servlet.setup.StubWebApplicationContext@511fe3c4
2018-05-28 13:59:14.779 [main] INFO  org.springframework.mock.web.MockServletContext -Initializing Spring FrameworkServlet ''
2018-05-28 13:59:14.779 [main] INFO  o.s.test.web.servlet.TestDispatcherServlet -FrameworkServlet '': initialization started
2018-05-28 13:59:14.780 [main] INFO  o.s.test.web.servlet.TestDispatcherServlet -FrameworkServlet '': initialization completed in 1 ms
2018-05-28 13:59:14.811 [main] INFO  com.rabbit.smart.controller.HomeController -cache
2018-05-28 13:59:14.870 [Thread-5] INFO  o.s.w.context.support.GenericWebApplicationContext -Closing org.springframework.web.context.support.GenericWebApplicationContext@4fdcdc62: startup date [Mon May 28 13:59:10 CST 2018]; root of context hierarchy
2018-05-28 13:59:43.728 [main] INFO  o.s.b.t.context.SpringBootTestContextBootstrapper -Neither @ContextConfiguration nor @ContextHierarchy found for test class [com.rabbit.smart.WebTest], using SpringBootContextLoader
2018-05-28 13:59:43.744 [main] INFO  o.s.test.context.support.AbstractContextLoader -Could not detect default resource locations for test class [com.rabbit.smart.WebTest]: no resource found for suffixes {-context.xml, Context.groovy}.
2018-05-28 13:59:43.749 [main] INFO  o.s.t.c.support.AnnotationConfigContextLoaderUtils -Could not detect default configuration classes for test class [com.rabbit.smart.WebTest]: WebTest does not declare any static, non-private, non-final, nested classes annotated with @Configuration.
2018-05-28 13:59:44.036 [main] INFO  o.s.b.t.context.SpringBootTestContextBootstrapper -Found @SpringBootConfiguration com.rabbit.smart.Application for test class com.rabbit.smart.WebTest
2018-05-28 13:59:44.064 [main] INFO  o.s.b.t.context.SpringBootTestContextBootstrapper -Loaded default TestExecutionListener class names from location [META-INF/spring.factories]: [org.springframework.boot.test.mock.mockito.MockitoTestExecutionListener, org.springframework.boot.test.mock.mockito.ResetMocksTestExecutionListener, org.springframework.boot.test.autoconfigure.restdocs.RestDocsTestExecutionListener, org.springframework.boot.test.autoconfigure.web.client.MockRestServiceServerResetTestExecutionListener, org.springframework.boot.test.autoconfigure.web.servlet.MockMvcPrintOnlyOnFailureTestExecutionListener, org.springframework.boot.test.autoconfigure.web.servlet.WebDriverTestExecutionListener, org.springframework.test.context.web.ServletTestExecutionListener, org.springframework.test.context.support.DirtiesContextBeforeModesTestExecutionListener, org.springframework.test.context.support.DependencyInjectionTestExecutionListener, org.springframework.test.context.support.DirtiesContextTestExecutionListener, org.springframework.test.context.transaction.TransactionalTestExecutionListener, org.springframework.test.context.jdbc.SqlScriptsTestExecutionListener]
2018-05-28 13:59:44.092 [main] INFO  o.s.b.t.context.SpringBootTestContextBootstrapper -Using TestExecutionListeners: [org.springframework.test.context.web.ServletTestExecutionListener@52e52123, org.springframework.test.context.support.DirtiesContextBeforeModesTestExecutionListener@40e2ab59, org.springframework.boot.test.autoconfigure.SpringBootDependencyInjectionTestExecutionListener@615f8156, org.springframework.test.context.support.DirtiesContextTestExecutionListener@4524670b, org.springframework.test.context.transaction.TransactionalTestExecutionListener@58e926a3, org.springframework.test.context.jdbc.SqlScriptsTestExecutionListener@32e7c4ef, org.springframework.boot.test.autoconfigure.web.client.MockRestServiceServerResetTestExecutionListener@e324105, org.springframework.boot.test.mock.mockito.MockitoTestExecutionListener@54ab68b, org.springframework.boot.test.autoconfigure.restdocs.RestDocsTestExecutionListener@6c166263, org.springframework.boot.test.autoconfigure.web.servlet.WebDriverTestExecutionListener@31958905, org.springframework.boot.test.autoconfigure.web.servlet.MockMvcPrintOnlyOnFailureTestExecutionListener@5056c0b1, org.springframework.boot.test.mock.mockito.ResetMocksTestExecutionListener@6f84cdab]
2018-05-28 13:59:44.510 [main] INFO  com.rabbit.smart.WebTest -Starting WebTest on DESKTOP-NCAUIPH with PID 4216 (started by xuzhang in E:\github\2508658887@qq.com\smart\web-admin)
2018-05-28 13:59:44.510 [main] INFO  com.rabbit.smart.WebTest -No active profile set, falling back to default profiles: default
2018-05-28 13:59:44.785 [main] INFO  o.s.w.context.support.GenericWebApplicationContext -Refreshing org.springframework.web.context.support.GenericWebApplicationContext@4fec8bf: startup date [Mon May 28 13:59:44 CST 2018]; root of context hierarchy
2018-05-28 13:59:44.904 [background-preinit] INFO  org.hibernate.validator.internal.util.Version -HV000001: Hibernate Validator 5.3.5.Final
2018-05-28 13:59:48.217 [main] INFO  o.s.w.s.m.m.a.RequestMappingHandlerAdapter -Looking for @ControllerAdvice: org.springframework.web.context.support.GenericWebApplicationContext@4fec8bf: startup date [Mon May 28 13:59:44 CST 2018]; root of context hierarchy
2018-05-28 13:59:48.298 [main] INFO  o.s.w.s.m.m.a.RequestMappingHandlerMapping -Mapped "{[/cache]}" onto public com.rabbit.smart.core.protocol.Response<java.lang.String> com.rabbit.smart.controller.HomeController.cache()
2018-05-28 13:59:48.299 [main] INFO  o.s.w.s.m.m.a.RequestMappingHandlerMapping -Mapped "{[/index]}" onto public java.lang.String com.rabbit.smart.controller.HomeController.index()
2018-05-28 13:59:48.302 [main] INFO  o.s.w.s.m.m.a.RequestMappingHandlerMapping -Mapped "{[/two]}" onto public com.rabbit.smart.core.protocol.Response<com.alibaba.fastjson.JSONObject> com.rabbit.smart.controller.HomeController.two()
2018-05-28 13:59:48.305 [main] INFO  o.s.w.s.m.m.a.RequestMappingHandlerMapping -Mapped "{[/error]}" onto public org.springframework.http.ResponseEntity<java.util.Map<java.lang.String, java.lang.Object>> org.springframework.boot.autoconfigure.web.BasicErrorController.error(javax.servlet.http.HttpServletRequest)
2018-05-28 13:59:48.305 [main] INFO  o.s.w.s.m.m.a.RequestMappingHandlerMapping -Mapped "{[/error],produces=[text/html]}" onto public org.springframework.web.servlet.ModelAndView org.springframework.boot.autoconfigure.web.BasicErrorController.errorHtml(javax.servlet.http.HttpServletRequest,javax.servlet.http.HttpServletResponse)
2018-05-28 13:59:48.362 [main] INFO  o.s.web.servlet.handler.SimpleUrlHandlerMapping -Mapped URL path [/webjars/**] onto handler of type [class org.springframework.web.servlet.resource.ResourceHttpRequestHandler]
2018-05-28 13:59:48.362 [main] INFO  o.s.web.servlet.handler.SimpleUrlHandlerMapping -Mapped URL path [/**] onto handler of type [class org.springframework.web.servlet.resource.ResourceHttpRequestHandler]
2018-05-28 13:59:48.386 [main] INFO  o.s.w.s.m.m.a.ExceptionHandlerExceptionResolver -Detected @ExceptionHandler methods in handlerException
2018-05-28 13:59:48.425 [main] INFO  o.s.web.servlet.handler.SimpleUrlHandlerMapping -Mapped URL path [/**/favicon.ico] onto handler of type [class org.springframework.web.servlet.resource.ResourceHttpRequestHandler]
2018-05-28 13:59:49.286 [main] INFO  o.s.s.a.ScheduledAnnotationBeanPostProcessor -No TaskScheduler/ScheduledExecutorService bean found for scheduled processing
2018-05-28 13:59:49.292 [pool-1-thread-1] INFO  com.rabbit.smart.task.PrintJob -PrintJob :1
2018-05-28 13:59:49.299 [main] INFO  com.rabbit.smart.WebTest -Started WebTest in 5.075 seconds (JVM running for 6.364)
2018-05-28 13:59:49.358 [main] INFO  o.s.t.w.s.s.StandaloneMockMvcBuilder$StaticRequestMappingHandlerMapping -Mapped "{[/cache]}" onto public com.rabbit.smart.core.protocol.Response<java.lang.String> com.rabbit.smart.controller.HomeController.cache()
2018-05-28 13:59:49.359 [main] INFO  o.s.t.w.s.s.StandaloneMockMvcBuilder$StaticRequestMappingHandlerMapping -Mapped "{[/index]}" onto public java.lang.String com.rabbit.smart.controller.HomeController.index()
2018-05-28 13:59:49.359 [main] INFO  o.s.t.w.s.s.StandaloneMockMvcBuilder$StaticRequestMappingHandlerMapping -Mapped "{[/two]}" onto public com.rabbit.smart.core.protocol.Response<com.alibaba.fastjson.JSONObject> com.rabbit.smart.controller.HomeController.two()
2018-05-28 13:59:49.394 [main] INFO  o.s.w.s.m.m.a.RequestMappingHandlerAdapter -Looking for @ControllerAdvice: org.springframework.test.web.servlet.setup.StubWebApplicationContext@378a2b4a
2018-05-28 13:59:49.402 [main] INFO  org.springframework.mock.web.MockServletContext -Initializing Spring FrameworkServlet ''
2018-05-28 13:59:49.403 [main] INFO  o.s.test.web.servlet.TestDispatcherServlet -FrameworkServlet '': initialization started
2018-05-28 13:59:49.403 [main] INFO  o.s.test.web.servlet.TestDispatcherServlet -FrameworkServlet '': initialization completed in 0 ms
2018-05-28 13:59:49.436 [main] INFO  com.rabbit.smart.controller.HomeController -cache
2018-05-28 13:59:49.503 [Thread-5] INFO  o.s.w.context.support.GenericWebApplicationContext -Closing org.springframework.web.context.support.GenericWebApplicationContext@4fec8bf: startup date [Mon May 28 13:59:44 CST 2018]; root of context hierarchy
